  .00000E+00  .35012E+01  .13173E-01  .21000E+00  .72780E-03  .34181E-01  .16800E-01  .10700E-01  .50600E-06  .42520E-02  .37600E-08  .39291E-01  .28000E-04  .16900E-03  .35706E-03  .18184E-02  .53274E-01 -.34340E-03
 -.60000E-01  .35012E+01  .13173E-01  .20365E+00  .72780E-03  .34181E-01  .16800E-01  .10700E-01  .50600E-06  .42520E-02  .37600E-08  .39291E-01  .28000E-04  .16900E-03  .35706E-03  .18184E-02  .53274E-01 -.34340E-03
 -.12000E+00  .35012E+01  .13173E-01  .19733E+00  .72780E-03  .34181E-01  .16800E-01  .10700E-01  .50600E-06  .42520E-02  .37600E-08  .39291E-01  .28000E-04  .16900E-03  .35706E-03  .18184E-02  .53274E-01 -.34340E-03
 -.18000E+00  .35012E+01  .13173E-01  .19105E+00  .72780E-03  .34181E-01  .16800E-01  .10700E-01  .50600E-06  .42520E-02  .37600E-08  .39291E-01  .28000E-04  .16900E-03  .35706E-03  .18184E-02  .53274E-01 -.34340E-03
 -.24000E+00  .35012E+01  .13173E-01  .18486E+00  .72780E-03  .34181E-01  .16800E-01  .10700E-01  .50600E-06  .42520E-02  .37600E-08  .39291E-01  .28000E-04  .16900E-03  .35706E-03  .18184E-02  .53274E-01 -.34340E-03
 -.30000E+00  .35012E+01  .13173E-01  .17876E+00  .72780E-03  .34181E-01  .16800E-01  .10700E-01  .50600E-06  .42520E-02  .37600E-08  .39291E-01  .28000E-04  .16900E-03  .35706E-03  .18184E-02  .53274E-01 -.34340E-03
 -.36000E+00  .35012E+01  .13173E-01  .17279E+00  .72780E-03  .34181E-01  .16800E-01  .10700E-01  .50600E-06  .42520E-02  .37600E-08  .39291E-01  .28000E-04  .16900E-03  .35706E-03  .18184E-02  .53274E-01 -.34340E-03
 -.42000E+00  .35012E+01  .13173E-01  .16696E+00  .72780E-03  .34181E-01  .16800E-01  .10700E-01  .50600E-06  .42520E-02  .37600E-08  .39291E-01  .28000E-04  .16900E-03  .35706E-03  .18184E-02  .53274E-01 -.34340E-03
 -.48000E+00  .35012E+01  .13173E-01  .16131E+00  .72780E-03  .34181E-01  .16800E-01  .10700E-01  .50600E-06  .42520E-02  .37600E-08  .39291E-01  .28000E-04  .16900E-03  .35706E-03  .18184E-02  .53274E-01 -.34340E-03
 -.54000E+00  .35012E+01  .13173E-01  .15585E+00  .72780E-03  .34181E-01  .16800E-01  .10700E-01  .50600E-06  .42520E-02  .37600E-08  .39291E-01  .28000E-04  .16900E-03  .35706E-03  .18184E-02  .53274E-01 -.34340E-03
 -.60000E+00  .35012E+01  .13173E-01  .15060E+00  .72780E-03  .34181E-01  .16800E-01  .10700E-01  .50600E-06  .42520E-02  .37600E-08  .39291E-01  .28000E-04  .16900E-03  .35706E-03  .18184E-02  .53274E-01 -.34340E-03
 -.66000E+00  .35012E+01  .13173E-01  .14559E+00  .72780E-03  .34181E-01  .16800E-01  .10700E-01  .50600E-06  .42520E-02  .37600E-08  .39291E-01  .28000E-04  .16900E-03  .35706E-03  .18184E-02  .53274E-01 -.34340E-03
 -.72000E+00  .35012E+01  .13173E-01  .14084E+00  .72780E-03  .34181E-01  .16800E-01  .10700E-01  .50600E-06  .42520E-02  .37600E-08  .39291E-01  .28000E-04  .16900E-03  .35706E-03  .18184E-02  .53274E-01 -.34340E-03
 -.78000E+00  .35012E+01  .13173E-01  .13636E+00  .72780E-03  .34181E-01  .16800E-01  .10700E-01  .50600E-06  .42520E-02  .37600E-08  .39291E-01  .28000E-04  .16900E-03  .35706E-03  .18184E-02  .53274E-01 -.34340E-03
 -.84000E+00  .35012E+01  .13173E-01  .13217E+00  .72780E-03  .34181E-01  .16800E-01  .10700E-01  .50600E-06  .42520E-02  .37600E-08  .39291E-01  .28000E-04  .16900E-03  .35706E-03  .18184E-02  .53274E-01 -.34340E-03
 -.90000E+00  .35012E+01  .13173E-01  .12829E+00  .72780E-03  .34181E-01  .16800E-01  .10700E-01  .50600E-06  .42520E-02  .37600E-08  .39291E-01  .28000E-04  .16900E-03  .35706E-03  .18184E-02  .53274E-01 -.34340E-03
 -.96000E+00  .35012E+01  .13173E-01  .12473E+00  .72780E-03  .34181E-01  .16800E-01  .10700E-01  .50600E-06  .42520E-02  .37600E-08  .39291E-01  .28000E-04  .16900E-03  .35706E-03  .18184E-02  .53274E-01 -.34340E-03
 -.10200E+01  .35012E+01  .13173E-01  .12151E+00  .72780E-03  .34181E-01  .16800E-01  .10700E-01  .50600E-06  .42520E-02  .37600E-08  .39291E-01  .28000E-04  .16900E-03  .35706E-03  .18184E-02  .53274E-01 -.34340E-03
 -.10800E+01  .35012E+01  .13173E-01  .11863E+00  .72780E-03  .34181E-01  .16800E-01  .10700E-01  .50600E-06  .42520E-02  .37600E-08  .39291E-01  .28000E-04  .16900E-03  .35706E-03  .18184E-02  .53274E-01 -.34340E-03
 -.11400E+01  .35012E+01  .13173E-01  .11612E+00  .72780E-03  .34181E-01  .16800E-01  .10700E-01  .50600E-06  .42520E-02  .37600E-08  .39291E-01  .28000E-04  .16900E-03  .35706E-03  .18184E-02  .53274E-01 -.34340E-03
 -.12000E+01  .35012E+01  .13173E-01  .11398E+00  .72780E-03  .34181E-01  .16800E-01  .10700E-01  .50600E-06  .42520E-02  .37600E-08  .39291E-01  .28000E-04  .16900E-03  .35706E-03  .18184E-02  .53274E-01 -.34340E-03
 -.12600E+01  .35012E+01  .13173E-01  .11221E+00  .72780E-03  .34181E-01  .16800E-01  .10700E-01  .50600E-06  .42520E-02  .37600E-08  .39291E-01  .28000E-04  .16900E-03  .35706E-03  .18184E-02  .53274E-01 -.34340E-03
 -.13200E+01  .35012E+01  .13173E-01  .11083E+00  .72780E-03  .34181E-01  .16800E-01  .10700E-01  .50600E-06  .42520E-02  .37600E-08  .39291E-01  .28000E-04  .16900E-03  .35706E-03  .18184E-02  .53274E-01 -.34340E-03
 -.13800E+01  .35012E+01  .13173E-01  .10985E+00  .72780E-03  .34181E-01  .16800E-01  .10700E-01  .50600E-06  .42520E-02  .37600E-08  .39291E-01  .28000E-04  .16900E-03  .35706E-03  .18184E-02  .53274E-01 -.34340E-03
 -.14400E+01  .35012E+01  .13173E-01  .10925E+00  .72780E-03  .34181E-01  .16800E-01  .10700E-01  .50600E-06  .42520E-02  .37600E-08  .39291E-01  .28000E-04  .16900E-03  .35706E-03  .18184E-02  .53274E-01 -.34340E-03
 -.15000E+01  .35012E+01  .13173E-01  .10905E+00  .72780E-03  .34181E-01  .16800E-01  .10700E-01  .50600E-06  .42520E-02  .37600E-08  .39291E-01  .28000E-04  .16900E-03  .35706E-03  .18184E-02  .53274E-01 -.34340E-03
