  .00000E+00  .35012E+01  .72120E-03  .21000E+00  .72780E-03  .34181E-01  .16800E-01  .10700E-01  .50600E-06  .42520E-02  .37600E-08  .39291E-01  .28000E-04  .16900E-03  .35706E-03  .18184E-02  .53274E-01 -.34340E-03
 -.60000E-01  .35012E+01  .72120E-03  .13081E+00  .72780E-03  .34181E-01  .16800E-01  .10700E-01  .50600E-06  .42520E-02  .37600E-08  .39291E-01  .28000E-04  .16900E-03  .35706E-03  .18184E-02  .53274E-01 -.34340E-03
 -.12000E+00  .35012E+01  .72120E-03  .70288E-01  .72780E-03  .34181E-01  .16800E-01  .10700E-01  .50600E-06  .42520E-02  .37600E-08  .39291E-01  .28000E-04  .16900E-03  .35706E-03  .18184E-02  .53274E-01 -.34340E-03
 -.18000E+00  .35012E+01  .72120E-03  .33190E-01  .72780E-03  .34181E-01  .16800E-01  .10700E-01  .50600E-06  .42520E-02  .37600E-08  .39291E-01  .28000E-04  .16900E-03  .35706E-03  .18184E-02  .53274E-01 -.34340E-03
 -.24000E+00  .35012E+01  .72120E-03  .14051E-01  .72780E-03  .34181E-01  .16800E-01  .10700E-01  .50600E-06  .42520E-02  .37600E-08  .39291E-01  .28000E-04  .16900E-03  .35706E-03  .18184E-02  .53274E-01 -.34340E-03
 -.30000E+00  .35012E+01  .72120E-03  .54277E-02  .72780E-03  .34181E-01  .16800E-01  .10700E-01  .50600E-06  .42520E-02  .37600E-08  .39291E-01  .28000E-04  .16900E-03  .35706E-03  .18184E-02  .53274E-01 -.34340E-03
 -.36000E+00  .35012E+01  .72120E-03  .19411E-02  .72780E-03  .34181E-01  .16800E-01  .10700E-01  .50600E-06  .42520E-02  .37600E-08  .39291E-01  .28000E-04  .16900E-03  .35706E-03  .18184E-02  .53274E-01 -.34340E-03
 -.42000E+00  .35012E+01  .72120E-03  .65026E-03  .72780E-03  .34181E-01  .16800E-01  .10700E-01  .50600E-06  .42520E-02  .37600E-08  .39291E-01  .28000E-04  .16900E-03  .35706E-03  .18184E-02  .53274E-01 -.34340E-03
 -.48000E+00  .35012E+01  .72120E-03  .20598E-03  .72780E-03  .34181E-01  .16800E-01  .10700E-01  .50600E-06  .42520E-02  .37600E-08  .39291E-01  .28000E-04  .16900E-03  .35706E-03  .18184E-02  .53274E-01 -.34340E-03
 -.54000E+00  .35012E+01  .72120E-03  .62167E-04  .72780E-03  .34181E-01  .16800E-01  .10700E-01  .50600E-06  .42520E-02  .37600E-08  .39291E-01  .28000E-04  .16900E-03  .35706E-03  .18184E-02  .53274E-01 -.34340E-03
 -.60000E+00  .35012E+01  .72120E-03  .17989E-04  .72780E-03  .34181E-01  .16800E-01  .10700E-01  .50600E-06  .42520E-02  .37600E-08  .39291E-01  .28000E-04  .16900E-03  .35706E-03  .18184E-02  .53274E-01 -.34340E-03
 -.66000E+00  .35012E+01  .72120E-03  .50164E-05  .72780E-03  .34181E-01  .16800E-01  .10700E-01  .50600E-06  .42520E-02  .37600E-08  .39291E-01  .28000E-04  .16900E-03  .35706E-03  .18184E-02  .53274E-01 -.34340E-03
 -.72000E+00  .35012E+01  .72120E-03  .13539E-05  .72780E-03  .34181E-01  .16800E-01  .10700E-01  .50600E-06  .42520E-02  .37600E-08  .39291E-01  .28000E-04  .16900E-03  .35706E-03  .18184E-02  .53274E-01 -.34340E-03
 -.78000E+00  .35012E+01  .72120E-03  .35495E-06  .72780E-03  .34181E-01  .16800E-01  .10700E-01  .50600E-06  .42520E-02  .37600E-08  .39291E-01  .28000E-04  .16900E-03  .35706E-03  .18184E-02  .53274E-01 -.34340E-03
 -.84000E+00  .35012E+01  .72120E-03  .90708E-07  .72780E-03  .34181E-01  .16800E-01  .10700E-01  .50600E-06  .42520E-02  .37600E-08  .39291E-01  .28000E-04  .16900E-03  .35706E-03  .18184E-02  .53274E-01 -.34340E-03
 -.90000E+00  .35012E+01  .72120E-03  .22696E-07  .72780E-03  .34181E-01  .16800E-01  .10700E-01  .50600E-06  .42520E-02  .37600E-08  .39291E-01  .28000E-04  .16900E-03  .35706E-03  .18184E-02  .53274E-01 -.34340E-03
 -.96000E+00  .35012E+01  .72120E-03  .56158E-08  .72780E-03  .34181E-01  .16800E-01  .10700E-01  .50600E-06  .42520E-02  .37600E-08  .39291E-01  .28000E-04  .16900E-03  .35706E-03  .18184E-02  .53274E-01 -.34340E-03
 -.10200E+01  .35012E+01  .72120E-03  .14204E-08  .72780E-03  .34181E-01  .16800E-01  .10700E-01  .50600E-06  .42520E-02  .37600E-08  .39291E-01  .28000E-04  .16900E-03  .35706E-03  .18184E-02  .53274E-01 -.34340E-03
 -.10800E+01  .35012E+01  .72120E-03  .41047E-09  .72780E-03  .34181E-01  .16800E-01  .10700E-01  .50600E-06  .42520E-02  .37600E-08  .39291E-01  .28000E-04  .16900E-03  .35706E-03  .18184E-02  .53274E-01 -.34340E-03
 -.11400E+01  .35012E+01  .72120E-03  .17181E-09  .72780E-03  .34181E-01  .16800E-01  .10700E-01  .50600E-06  .42520E-02  .37600E-08  .39291E-01  .28000E-04  .16900E-03  .35706E-03  .18184E-02  .53274E-01 -.34340E-03
 -.12000E+01  .35012E+01  .72120E-03  .11636E-09  .72780E-03  .34181E-01  .16800E-01  .10700E-01  .50600E-06  .42520E-02  .37600E-08  .39291E-01  .28000E-04  .16900E-03  .35706E-03  .18184E-02  .53274E-01 -.34340E-03
 -.12600E+01  .35012E+01  .72120E-03  .10368E-09  .72780E-03  .34181E-01  .16800E-01  .10700E-01  .50600E-06  .42520E-02  .37600E-08  .39291E-01  .28000E-04  .16900E-03  .35706E-03  .18184E-02  .53274E-01 -.34340E-03
 -.13200E+01  .35012E+01  .72120E-03  .10081E-09  .72780E-03  .34181E-01  .16800E-01  .10700E-01  .50600E-06  .42520E-02  .37600E-08  .39291E-01  .28000E-04  .16900E-03  .35706E-03  .18184E-02  .53274E-01 -.34340E-03
 -.13800E+01  .35012E+01  .72120E-03  .10018E-09  .72780E-03  .34181E-01  .16800E-01  .10700E-01  .50600E-06  .42520E-02  .37600E-08  .39291E-01  .28000E-04  .16900E-03  .35706E-03  .18184E-02  .53274E-01 -.34340E-03
 -.14400E+01  .35012E+01  .72120E-03  .10004E-09  .72780E-03  .34181E-01  .16800E-01  .10700E-01  .50600E-06  .42520E-02  .37600E-08  .39291E-01  .28000E-04  .16900E-03  .35706E-03  .18184E-02  .53274E-01 -.34340E-03
 -.15000E+01  .35012E+01  .72120E-03  .10002E-09  .72780E-03  .34181E-01  .16800E-01  .10700E-01  .50600E-06  .42520E-02  .37600E-08  .39291E-01  .28000E-04  .16900E-03  .35706E-03  .18184E-02  .53274E-01 -.34340E-03
