  .00000E+00  .35012E+01  .72120E-03  .21000E+00  .72780E-03  .34181E-01  .16800E-01  .10700E-01  .50600E-06  .42520E-02  .37600E-08  .39291E-01  .28000E-04  .16900E-03  .35706E-03  .18184E-02  .53274E-01 -.34340E-03
 -.60000E-01  .35012E+01  .72120E-03  .18501E+00  .72780E-03  .34181E-01  .16800E-01  .10700E-01  .50600E-06  .42520E-02  .37600E-08  .39291E-01  .28000E-04  .16900E-03  .35706E-03  .18184E-02  .53274E-01 -.34340E-03
 -.12000E+00  .35012E+01  .72120E-03  .16058E+00  .72780E-03  .34181E-01  .16800E-01  .10700E-01  .50600E-06  .42520E-02  .37600E-08  .39291E-01  .28000E-04  .16900E-03  .35706E-03  .18184E-02  .53274E-01 -.34340E-03
 -.18000E+00  .35012E+01  .72120E-03  .13723E+00  .72780E-03  .34181E-01  .16800E-01  .10700E-01  .50600E-06  .42520E-02  .37600E-08  .39291E-01  .28000E-04  .16900E-03  .35706E-03  .18184E-02  .53274E-01 -.34340E-03
 -.24000E+00  .35012E+01  .72120E-03  .11542E+00  .72780E-03  .34181E-01  .16800E-01  .10700E-01  .50600E-06  .42520E-02  .37600E-08  .39291E-01  .28000E-04  .16900E-03  .35706E-03  .18184E-02  .53274E-01 -.34340E-03
 -.30000E+00  .35012E+01  .72120E-03  .95491E-01  .72780E-03  .34181E-01  .16800E-01  .10700E-01  .50600E-06  .42520E-02  .37600E-08  .39291E-01  .28000E-04  .16900E-03  .35706E-03  .18184E-02  .53274E-01 -.34340E-03
 -.36000E+00  .35012E+01  .72120E-03  .77686E-01  .72780E-03  .34181E-01  .16800E-01  .10700E-01  .50600E-06  .42520E-02  .37600E-08  .39291E-01  .28000E-04  .16900E-03  .35706E-03  .18184E-02  .53274E-01 -.34340E-03
 -.42000E+00  .35012E+01  .72120E-03  .62131E-01  .72780E-03  .34181E-01  .16800E-01  .10700E-01  .50600E-06  .42520E-02  .37600E-08  .39291E-01  .28000E-04  .16900E-03  .35706E-03  .18184E-02  .53274E-01 -.34340E-03
 -.48000E+00  .35012E+01  .72120E-03  .48836E-01  .72780E-03  .34181E-01  .16800E-01  .10700E-01  .50600E-06  .42520E-02  .37600E-08  .39291E-01  .28000E-04  .16900E-03  .35706E-03  .18184E-02  .53274E-01 -.34340E-03
 -.54000E+00  .35012E+01  .72120E-03  .37720E-01  .72780E-03  .34181E-01  .16800E-01  .10700E-01  .50600E-06  .42520E-02  .37600E-08  .39291E-01  .28000E-04  .16900E-03  .35706E-03  .18184E-02  .53274E-01 -.34340E-03
 -.60000E+00  .35012E+01  .72120E-03  .28626E-01  .72780E-03  .34181E-01  .16800E-01  .10700E-01  .50600E-06  .42520E-02  .37600E-08  .39291E-01  .28000E-04  .16900E-03  .35706E-03  .18184E-02  .53274E-01 -.34340E-03
 -.66000E+00  .35012E+01  .72120E-03  .21343E-01  .72780E-03  .34181E-01  .16800E-01  .10700E-01  .50600E-06  .42520E-02  .37600E-08  .39291E-01  .28000E-04  .16900E-03  .35706E-03  .18184E-02  .53274E-01 -.34340E-03
 -.72000E+00  .35012E+01  .72120E-03  .15634E-01  .72780E-03  .34181E-01  .16800E-01  .10700E-01  .50600E-06  .42520E-02  .37600E-08  .39291E-01  .28000E-04  .16900E-03  .35706E-03  .18184E-02  .53274E-01 -.34340E-03
 -.78000E+00  .35012E+01  .72120E-03  .11251E-01  .72780E-03  .34181E-01  .16800E-01  .10700E-01  .50600E-06  .42520E-02  .37600E-08  .39291E-01  .28000E-04  .16900E-03  .35706E-03  .18184E-02  .53274E-01 -.34340E-03
 -.84000E+00  .35012E+01  .72120E-03  .79549E-02  .72780E-03  .34181E-01  .16800E-01  .10700E-01  .50600E-06  .42520E-02  .37600E-08  .39291E-01  .28000E-04  .16900E-03  .35706E-03  .18184E-02  .53274E-01 -.34340E-03
 -.90000E+00  .35012E+01  .72120E-03  .55266E-02  .72780E-03  .34181E-01  .16800E-01  .10700E-01  .50600E-06  .42520E-02  .37600E-08  .39291E-01  .28000E-04  .16900E-03  .35706E-03  .18184E-02  .53274E-01 -.34340E-03
 -.96000E+00  .35012E+01  .72120E-03  .37732E-02  .72780E-03  .34181E-01  .16800E-01  .10700E-01  .50600E-06  .42520E-02  .37600E-08  .39291E-01  .28000E-04  .16900E-03  .35706E-03  .18184E-02  .53274E-01 -.34340E-03
 -.10200E+01  .35012E+01  .72120E-03  .25321E-02  .72780E-03  .34181E-01  .16800E-01  .10700E-01  .50600E-06  .42520E-02  .37600E-08  .39291E-01  .28000E-04  .16900E-03  .35706E-03  .18184E-02  .53274E-01 -.34340E-03
 -.10800E+01  .35012E+01  .72120E-03  .16706E-02  .72780E-03  .34181E-01  .16800E-01  .10700E-01  .50600E-06  .42520E-02  .37600E-08  .39291E-01  .28000E-04  .16900E-03  .35706E-03  .18184E-02  .53274E-01 -.34340E-03
 -.11400E+01  .35012E+01  .72120E-03  .10844E-02  .72780E-03  .34181E-01  .16800E-01  .10700E-01  .50600E-06  .42520E-02  .37600E-08  .39291E-01  .28000E-04  .16900E-03  .35706E-03  .18184E-02  .53274E-01 -.34340E-03
 -.12000E+01  .35012E+01  .72120E-03  .69359E-03  .72780E-03  .34181E-01  .16800E-01  .10700E-01  .50600E-06  .42520E-02  .37600E-08  .39291E-01  .28000E-04  .16900E-03  .35706E-03  .18184E-02  .53274E-01 -.34340E-03
 -.12600E+01  .35012E+01  .72120E-03  .43883E-03  .72780E-03  .34181E-01  .16800E-01  .10700E-01  .50600E-06  .42520E-02  .37600E-08  .39291E-01  .28000E-04  .16900E-03  .35706E-03  .18184E-02  .53274E-01 -.34340E-03
 -.13200E+01  .35012E+01  .72120E-03  .27771E-03  .72780E-03  .34181E-01  .16800E-01  .10700E-01  .50600E-06  .42520E-02  .37600E-08  .39291E-01  .28000E-04  .16900E-03  .35706E-03  .18184E-02  .53274E-01 -.34340E-03
 -.13800E+01  .35012E+01  .72120E-03  .18099E-03  .72780E-03  .34181E-01  .16800E-01  .10700E-01  .50600E-06  .42520E-02  .37600E-08  .39291E-01  .28000E-04  .16900E-03  .35706E-03  .18184E-02  .53274E-01 -.34340E-03
 -.14400E+01  .35012E+01  .72120E-03  .12990E-03  .72780E-03  .34181E-01  .16800E-01  .10700E-01  .50600E-06  .42520E-02  .37600E-08  .39291E-01  .28000E-04  .16900E-03  .35706E-03  .18184E-02  .53274E-01 -.34340E-03
 -.15000E+01  .35012E+01  .72120E-03  .11398E-03  .72780E-03  .34181E-01  .16800E-01  .10700E-01  .50600E-06  .42520E-02  .37600E-08  .39291E-01  .28000E-04  .16900E-03  .35706E-03  .18184E-02  .53274E-01 -.34340E-03
