 1.50000000E+00 2.10000000E-01 2.10000000E-01 2.10000000E-01
 1.44000000E+00 1.33874370E-01 1.85125080E-01 2.02107780E-01
 1.38000000E+00 7.26572700E-02 1.60795530E-01 1.94232780E-01
 1.32000000E+00 3.30705900E-02 1.37520600E-01 1.86392850E-01
 1.26000000E+00 1.24858230E-02 1.15742970E-01 1.78605000E-01
 1.20000000E+00 3.87926700E-03 9.58127100E-02 1.70886030E-01
 1.14000000E+00 9.86078100E-04 7.79730000E-02 1.63252110E-01
 1.08000000E+00 2.04193920E-04 6.23544600E-02 1.55719200E-01
 1.02000000E+00 3.43358400E-05 4.89804000E-02 1.48302630E-01
 9.60000000E-01 4.67703600E-06 3.77792100E-02 1.41016470E-01
 9.00000000E-01 5.15100600E-07 2.86032600E-02 1.33874370E-01
 8.40000000E-01 4.58007900E-08 2.12515800E-02 1.26889140E-01
 7.80000000E-01 3.28400100E-09 1.54901880E-02 1.20072540E-01
 7.20000000E-01 1.89704340E-10 1.10742450E-02 1.13434860E-01
 6.60000000E-01 8.82186900E-12 7.76370000E-03 1.06986180E-01
 6.00000000E-01 3.30048600E-13 5.33622600E-03 1.00734900E-01
 5.40000000E-01 9.92896800E-15 3.59530500E-03 9.46881600E-02
 4.80000000E-01 2.40074100E-16 2.37413400E-03 8.88526800E-02
 4.20000000E-01 4.66378500E-18 1.53628860E-03 8.32330800E-02
 3.60000000E-01 7.27692000E-20 9.74061900E-04 7.78335600E-02
 3.00000000E-01 9.11702400E-22 6.05052000E-04 7.26572700E-02
 2.40000000E-01 9.16962900E-24 3.68165700E-04 6.77056800E-02
 1.80000000E-01 7.40208000E-26 2.19429000E-04 6.29796300E-02
 1.20000000E-01 4.79490900E-28 1.28086560E-04 5.84787000E-02
 6.00000000E-02 2.49209100E-30 7.32213300E-05 5.42020500E-02
 0.00000000E+00 1.03905900E-32 4.09884300E-05 5.01471600E-02
