      1.5000E+00      2.1000E-01      2.1000E-01      2.1000E-01
      1.4400E+00      1.6391E-01      1.9917E-01      2.0837E-01
      1.3800E+00      1.1829E-01      1.8503E-01      2.0358E-01
      1.3200E+00      7.9922E-02      1.7073E-01      1.9868E-01
      1.2600E+00      5.0574E-02      1.5638E-01      1.9365E-01
      1.2000E+00      3.0014E-02      1.4212E-01      1.8850E-01
      1.1400E+00      1.6737E-02      1.2806E-01      1.8324E-01
      1.0800E+00      8.7854E-03      1.1434E-01      1.7787E-01
      1.0200E+00      4.3477E-03      1.0107E-01      1.7238E-01
      9.6000E-01      2.0304E-03      8.8381E-02      1.6679E-01
      9.0000E-01      8.9512E-04      7.6372E-02      1.6109E-01
      8.4000E-01      3.7239E-04      6.5138E-02      1.5529E-01
      7.8000E-01      1.4601E-04      5.4758E-02      1.4938E-01
      7.2000E-01      5.3845E-05      4.5294E-02      1.4336E-01
      6.6000E-01      1.8614E-05      3.6790E-02      1.3724E-01
      6.0000E-01      6.0043E-06      2.9270E-02      1.3102E-01
      5.4000E-01      1.7960E-06      2.2736E-02      1.2469E-01
      4.8000E-01      4.9397E-07      1.7173E-02      1.1824E-01
      4.2000E-01      1.2354E-07      1.2544E-02      1.1168E-01
      3.6000E-01      2.7674E-08      8.7960E-03      1.0500E-01
      3.0000E-01      5.4404E-09      5.8600E-03      9.8203E-02
      2.4000E-01      9.1256E-10      3.6533E-03      9.1318E-02
      1.8000E-01      1.2551E-10      2.0830E-03      8.4412E-02
      1.2000E-01      1.3365E-11      1.0494E-03      7.7684E-02
      6.0000E-02      1.0131E-12      4.5319E-04      7.1715E-02
     -8.8818E-16      9.3129E-14      2.3111E-04      6.8393E-02
