 ******* Program HYDRUS
 ******* 
 Infiltration of water into soil profile                                 
 Date:  10. 7.    Time:   8:48:57
 Units: L = cm   , T = hours, M = mmol 


    n      depth     THr       THs       hs       Ks        Ks/KsTop     Beta      Ah        AK        ATh

    1      0.00     0.075     0.287       0.0   0.340E+02     1.000     0.000     1.000     1.000     1.000
    2      1.00     0.075     0.287       0.0   0.340E+02     1.000     0.000     1.000     1.000     1.000
    3      2.00     0.075     0.287       0.0   0.340E+02     1.000     0.000     1.000     1.000     1.000
    4      3.00     0.075     0.287       0.0   0.340E+02     1.000     0.000     1.000     1.000     1.000
    5      4.00     0.075     0.287       0.0   0.340E+02     1.000     0.000     1.000     1.000     1.000
    6      5.00     0.075     0.287       0.0   0.340E+02     1.000     0.000     1.000     1.000     1.000
    7      6.00     0.075     0.287       0.0   0.340E+02     1.000     0.000     1.000     1.000     1.000
    8      7.00     0.075     0.287       0.0   0.340E+02     1.000     0.000     1.000     1.000     1.000
    9      8.00     0.075     0.287       0.0   0.340E+02     1.000     0.000     1.000     1.000     1.000
   10      9.00     0.075     0.287       0.0   0.340E+02     1.000     0.000     1.000     1.000     1.000
   11     10.00     0.075     0.287       0.0   0.340E+02     1.000     0.000     1.000     1.000     1.000
   12     11.00     0.075     0.287       0.0   0.340E+02     1.000     0.000     1.000     1.000     1.000
   13     12.00     0.075     0.287       0.0   0.340E+02     1.000     0.000     1.000     1.000     1.000
   14     13.00     0.075     0.287       0.0   0.340E+02     1.000     0.000     1.000     1.000     1.000
   15     14.00     0.075     0.287       0.0   0.340E+02     1.000     0.000     1.000     1.000     1.000
   16     15.00     0.075     0.287       0.0   0.340E+02     1.000     0.000     1.000     1.000     1.000
   17     16.00     0.075     0.287       0.0   0.340E+02     1.000     0.000     1.000     1.000     1.000
   18     17.00     0.075     0.287       0.0   0.340E+02     1.000     0.000     1.000     1.000     1.000
   19     18.00     0.075     0.287       0.0   0.340E+02     1.000     0.000     1.000     1.000     1.000
   20     19.00     0.075     0.287       0.0   0.340E+02     1.000     0.000     1.000     1.000     1.000
   21     20.00     0.075     0.287       0.0   0.340E+02     1.000     0.000     1.000     1.000     1.000
   22     21.00     0.075     0.287       0.0   0.340E+02     1.000     0.000     1.000     1.000     1.000
   23     22.00     0.075     0.287       0.0   0.340E+02     1.000     0.000     1.000     1.000     1.000
   24     23.00     0.075     0.287       0.0   0.340E+02     1.000     0.000     1.000     1.000     1.000
   25     24.00     0.075     0.287       0.0   0.340E+02     1.000     0.000     1.000     1.000     1.000
   26     25.00     0.075     0.287       0.0   0.340E+02     1.000     0.000     1.000     1.000     1.000
   27     26.00     0.075     0.287       0.0   0.340E+02     1.000     0.000     1.000     1.000     1.000
   28     27.00     0.075     0.287       0.0   0.340E+02     1.000     0.000     1.000     1.000     1.000
   29     28.00     0.075     0.287       0.0   0.340E+02     1.000     0.000     1.000     1.000     1.000
   30     29.00     0.075     0.287       0.0   0.340E+02     1.000     0.000     1.000     1.000     1.000
   31     30.00     0.075     0.287       0.0   0.340E+02     1.000     0.000     1.000     1.000     1.000
   32     31.00     0.075     0.287       0.0   0.340E+02     1.000     0.000     1.000     1.000     1.000
   33     32.00     0.075     0.287       0.0   0.340E+02     1.000     0.000     1.000     1.000     1.000
   34     33.00     0.075     0.287       0.0   0.340E+02     1.000     0.000     1.000     1.000     1.000
   35     34.00     0.075     0.287       0.0   0.340E+02     1.000     0.000     1.000     1.000     1.000
   36     35.00     0.075     0.287       0.0   0.340E+02     1.000     0.000     1.000     1.000     1.000
   37     36.00     0.075     0.287       0.0   0.340E+02     1.000     0.000     1.000     1.000     1.000
   38     37.00     0.075     0.287       0.0   0.340E+02     1.000     0.000     1.000     1.000     1.000
   39     38.00     0.075     0.287       0.0   0.340E+02     1.000     0.000     1.000     1.000     1.000
   40     39.00     0.075     0.287       0.0   0.340E+02     1.000     0.000     1.000     1.000     1.000
   41     40.00     0.075     0.287       0.0   0.340E+02     1.000     0.000     1.000     1.000     1.000
   42     41.00     0.075     0.287       0.0   0.340E+02     1.000     0.000     1.000     1.000     1.000
   43     42.00     0.075     0.287       0.0   0.340E+02     1.000     0.000     1.000     1.000     1.000
   44     43.00     0.075     0.287       0.0   0.340E+02     1.000     0.000     1.000     1.000     1.000
   45     44.00     0.075     0.287       0.0   0.340E+02     1.000     0.000     1.000     1.000     1.000
   46     45.00     0.075     0.287       0.0   0.340E+02     1.000     0.000     1.000     1.000     1.000
   47     46.00     0.075     0.287       0.0   0.340E+02     1.000     0.000     1.000     1.000     1.000
   48     47.00     0.075     0.287       0.0   0.340E+02     1.000     0.000     1.000     1.000     1.000
   49     48.00     0.075     0.287       0.0   0.340E+02     1.000     0.000     1.000     1.000     1.000
   50     49.00     0.075     0.287       0.0   0.340E+02     1.000     0.000     1.000     1.000     1.000
   51     50.00     0.075     0.287       0.0   0.340E+02     1.000     0.000     1.000     1.000     1.000
   52     51.00     0.075     0.287       0.0   0.340E+02     1.000     0.000     1.000     1.000     1.000
   53     52.00     0.075     0.287       0.0   0.340E+02     1.000     0.000     1.000     1.000     1.000
   54     53.00     0.075     0.287       0.0   0.340E+02     1.000     0.000     1.000     1.000     1.000
   55     54.00     0.075     0.287       0.0   0.340E+02     1.000     0.000     1.000     1.000     1.000
   56     55.00     0.075     0.287       0.0   0.340E+02     1.000     0.000     1.000     1.000     1.000
   57     56.00     0.075     0.287       0.0   0.340E+02     1.000     0.000     1.000     1.000     1.000
   58     57.00     0.075     0.287       0.0   0.340E+02     1.000     0.000     1.000     1.000     1.000
   59     58.00     0.075     0.287       0.0   0.340E+02     1.000     0.000     1.000     1.000     1.000
   60     59.00     0.075     0.287       0.0   0.340E+02     1.000     0.000     1.000     1.000     1.000
   61     60.00     0.075     0.287       0.0   0.340E+02     1.000     0.000     1.000     1.000     1.000
   62     61.00     0.075     0.287       0.0   0.340E+02     1.000     0.000     1.000     1.000     1.000
   63     62.00     0.075     0.287       0.0   0.340E+02     1.000     0.000     1.000     1.000     1.000
   64     63.00     0.075     0.287       0.0   0.340E+02     1.000     0.000     1.000     1.000     1.000
   65     64.00     0.075     0.287       0.0   0.340E+02     1.000     0.000     1.000     1.000     1.000
   66     65.00     0.075     0.287       0.0   0.340E+02     1.000     0.000     1.000     1.000     1.000
   67     66.00     0.075     0.287       0.0   0.340E+02     1.000     0.000     1.000     1.000     1.000
   68     67.00     0.075     0.287       0.0   0.340E+02     1.000     0.000     1.000     1.000     1.000
   69     68.00     0.075     0.287       0.0   0.340E+02     1.000     0.000     1.000     1.000     1.000
   70     69.00     0.075     0.287       0.0   0.340E+02     1.000     0.000     1.000     1.000     1.000
   71     70.00     0.075     0.287       0.0   0.340E+02     1.000     0.000     1.000     1.000     1.000
end
