# Time series at grid cell:  50   1   1
VARIABLES = "Time (day)", "Cl-       ", "logCl-       ", "
  1.00000E-10   1.0000E-01  -1.0000E+00
  2.00000E-10   1.0000E-01  -1.0000E+00
  3.00000E-10   1.0000E-01  -1.0000E+00
  4.00000E-10   1.0000E-01  -1.0000E+00
  5.00000E-10   1.0000E-01  -1.0000E+00
  5.40020E-10   1.0000E-01  -1.0000E+00
  5.58783E-10   1.0000E-01  -1.0000E+00
  5.96309E-10   1.0000E-01  -1.0000E+00
  6.71361E-10   1.0000E-01  -1.0000E+00
  7.60756E-10   1.0000E-01  -1.0000E+00
  9.07314E-10   1.0000E-01  -1.0000E+00
  9.91230E-10   1.0000E-01  -1.0000E+00
  1.03375E-09   1.0000E-01  -1.0000E+00
  1.10983E-09   1.0000E-01  -1.0000E+00
  1.13525E-09   1.0000E-01  -1.0000E+00
  1.14510E-09   1.0000E-01  -1.0000E+00
  1.16374E-09   1.0000E-01  -1.0000E+00
  1.20102E-09   1.0000E-01  -1.0000E+00
  1.25428E-09   1.0000E-01  -1.0000E+00
  1.32413E-09   1.0000E-01  -1.0000E+00
  1.41476E-09   1.0000E-01  -1.0000E+00
  1.52730E-09   1.0000E-01  -1.0000E+00
  1.68552E-09   1.0000E-01  -1.0000E+00
  1.80020E-09   1.0000E-01  -1.0000E+00
  1.82301E-09   1.0000E-01  -1.0000E+00
  1.83253E-09   1.0000E-01  -1.0000E+00
  1.84560E-09   1.0000E-01  -1.0000E+00
  1.87175E-09   1.0000E-01  -1.0000E+00
  1.91117E-09   1.0000E-01  -1.0000E+00
  1.97454E-09   1.0000E-01  -1.0000E+00
  2.05431E-09   1.0000E-01  -1.0000E+00
  2.19592E-09   1.0000E-01  -1.0000E+00
  2.31578E-09   1.0000E-01  -1.0000E+00
  2.43135E-09   1.0000E-01  -1.0000E+00
  2.61615E-09   1.0000E-01  -1.0000E+00
  2.79404E-09   1.0000E-01  -1.0000E+00
  3.02634E-09   1.0000E-01  -1.0000E+00
  3.36108E-09   1.0000E-01  -1.0000E+00
  3.71023E-09   1.0000E-01  -1.0000E+00
  4.12383E-09   1.0000E-01  -1.0000E+00
  4.66954E-09   1.0000E-01  -1.0000E+00
  5.21271E-09   1.0000E-01  -1.0000E+00
  5.80905E-09   1.0000E-01  -1.0000E+00
  6.57903E-09   1.0000E-01  -1.0000E+00
  7.69250E-09   1.0000E-01  -1.0000E+00
  8.81706E-09   1.0000E-01  -1.0000E+00
  1.01788E-08   1.0000E-01  -1.0000E+00
  1.29022E-08   1.0000E-01  -1.0000E+00
  1.42523E-08   1.0000E-01  -1.0000E+00
  1.48127E-08   1.0000E-01  -1.0000E+00
  1.53074E-08   1.0000E-01  -1.0000E+00
  1.62966E-08   1.0000E-01  -1.0000E+00
  1.75590E-08   1.0000E-01  -1.0000E+00
  1.99656E-08   1.0000E-01  -1.0000E+00
  2.20797E-08   1.0000E-01  -1.0000E+00
  2.46612E-08   1.0000E-01  -1.0000E+00
  2.94266E-08   9.9999E-02  -1.0000E+00
  3.27239E-08   9.9999E-02  -1.0000E+00
  3.48940E-08   9.9999E-02  -1.0000E+00
  3.71044E-08   9.9999E-02  -1.0000E+00
  4.15253E-08   9.9999E-02  -1.0000E+00
  4.54373E-08   9.9999E-02  -1.0000E+00
  5.05944E-08   9.9999E-02  -1.0000E+00
  5.80280E-08   9.9999E-02  -1.0000E+00
  6.59534E-08   9.9999E-02  -1.0000E+00
  7.96220E-08   9.9999E-02  -1.0000E+00
  9.00922E-08   9.9998E-02  -1.0000E+00
  9.75716E-08   9.9998E-02  -1.0000E+00
  1.04509E-07   9.9998E-02  -1.0000E+00
  1.18045E-07   9.9998E-02  -1.0000E+00
  1.29179E-07   9.9998E-02  -1.0000E+00
  1.40807E-07   9.9998E-02  -1.0000E+00
  1.64062E-07   9.9997E-02  -1.0000E+00
  1.80392E-07   9.9997E-02  -1.0000E+00
  1.92782E-07   9.9997E-02  -1.0000E+00
  2.07001E-07   9.9996E-02  -1.0000E+00
  2.35440E-07   9.9996E-02  -1.0000E+00
  2.57059E-07   9.9996E-02  -1.0000E+00
  2.76402E-07   9.9995E-02  -1.0000E+00
  3.05891E-07   9.9995E-02  -1.0000E+00
  3.37726E-07   9.9994E-02  -1.0000E+00
  4.01395E-07   9.9993E-02  -1.0000E+00
  4.40289E-07   9.9992E-02  -1.0000E+00
  4.62558E-07   9.9992E-02  -1.0000E+00
  4.82965E-07   9.9992E-02  -1.0000E+00
  5.23779E-07   9.9991E-02  -1.0000E+00
  5.63081E-07   9.9990E-02  -1.0000E+00
  6.41685E-07   9.9989E-02  -1.0000E+00
  6.97783E-07   9.9988E-02  -1.0001E+00
  7.41555E-07   9.9987E-02  -1.0001E+00
  7.94641E-07   9.9986E-02  -1.0001E+00
  8.96742E-07   9.9985E-02  -1.0001E+00
  9.73427E-07   9.9983E-02  -1.0001E+00
  1.03849E-06   9.9982E-02  -1.0001E+00
  1.12715E-06   9.9981E-02  -1.0001E+00
  1.24102E-06   9.9979E-02  -1.0001E+00
  1.38875E-06   9.9976E-02  -1.0001E+00
  1.56610E-06   9.9973E-02  -1.0001E+00
  1.86905E-06   9.9968E-02  -1.0001E+00
  2.05549E-06   9.9964E-02  -1.0002E+00
  2.15016E-06   9.9963E-02  -1.0002E+00
  2.22519E-06   9.9962E-02  -1.0002E+00
  2.35677E-06   9.9959E-02  -1.0002E+00
  2.51081E-06   9.9957E-02  -1.0002E+00
  2.81889E-06   9.9951E-02  -1.0002E+00
  3.03608E-06   9.9948E-02  -1.0002E+00
  3.20562E-06   9.9945E-02  -1.0002E+00
  3.41342E-06   9.9941E-02  -1.0003E+00
  3.78674E-06   9.9935E-02  -1.0003E+00
  4.08014E-06   9.9930E-02  -1.0003E+00
  4.34859E-06   9.9925E-02  -1.0003E+00
  4.77969E-06   9.9917E-02  -1.0004E+00
  5.16712E-06   9.9911E-02  -1.0004E+00
  5.63234E-06   9.9903E-02  -1.0004E+00
  6.29522E-06   9.9891E-02  -1.0005E+00
  6.88559E-06   9.9881E-02  -1.0005E+00
  7.46711E-06   9.9871E-02  -1.0006E+00
  8.44169E-06   9.9854E-02  -1.0006E+00
  9.11682E-06   9.9843E-02  -1.0007E+00
  9.55925E-06   9.9835E-02  -1.0007E+00
  9.97540E-06   9.9828E-02  -1.0007E+00
  1.08077E-05   9.9814E-02  -1.0008E+00
  1.14799E-05   9.9802E-02  -1.0009E+00
  1.22158E-05   9.9789E-02  -1.0009E+00
  1.36875E-05   9.9764E-02  -1.0010E+00
  1.46035E-05   9.9748E-02  -1.0011E+00
  1.51771E-05   9.9738E-02  -1.0011E+00
  1.57381E-05   9.9729E-02  -1.0012E+00
  1.68601E-05   9.9709E-02  -1.0013E+00
  1.78190E-05   9.9693E-02  -1.0013E+00
  1.90692E-05   9.9671E-02  -1.0014E+00
  2.06473E-05   9.9644E-02  -1.0015E+00
  2.25879E-05   9.9611E-02  -1.0017E+00
  2.50620E-05   9.9568E-02  -1.0019E+00
  2.77405E-05   9.9522E-02  -1.0021E+00
  3.30532E-05   9.9431E-02  -1.0025E+00
  3.53726E-05   9.9392E-02  -1.0026E+00
  3.62130E-05   9.9377E-02  -1.0027E+00
  3.68220E-05   9.9367E-02  -1.0028E+00
  3.79667E-05   9.9347E-02  -1.0028E+00
  3.94588E-05   9.9322E-02  -1.0030E+00
  4.19869E-05   9.9279E-02  -1.0031E+00
  4.44258E-05   9.9237E-02  -1.0033E+00
  4.92833E-05   9.9154E-02  -1.0037E+00
  5.22459E-05   9.9104E-02  -1.0039E+00
  5.40810E-05   9.9072E-02  -1.0040E+00
  5.58251E-05   9.9043E-02  -1.0042E+00
  5.93132E-05   9.8983E-02  -1.0044E+00
  6.22718E-05   9.8933E-02  -1.0047E+00
  6.61449E-05   9.8867E-02  -1.0049E+00
  7.10231E-05   9.8784E-02  -1.0053E+00
  7.70744E-05   9.8682E-02  -1.0058E+00
  8.38861E-05   9.8567E-02  -1.0063E+00
  9.08495E-05   9.8449E-02  -1.0068E+00
  1.00834E-04   9.8281E-02  -1.0075E+00
  1.07626E-04   9.8167E-02  -1.0080E+00
  1.11685E-04   9.8099E-02  -1.0083E+00
  1.14997E-04   9.8043E-02  -1.0086E+00
  1.20255E-04   9.7955E-02  -1.0090E+00
  1.26068E-04   9.7858E-02  -1.0094E+00
  1.37693E-04   9.7664E-02  -1.0103E+00
  1.44592E-04   9.7549E-02  -1.0108E+00
  1.48720E-04   9.7481E-02  -1.0111E+00
  1.52599E-04   9.7416E-02  -1.0114E+00
  1.60358E-04   9.7287E-02  -1.0119E+00
  1.67077E-04   9.7176E-02  -1.0124E+00
  1.76705E-04   9.7017E-02  -1.0132E+00
  1.86669E-04   9.6853E-02  -1.0139E+00
  2.06597E-04   9.6527E-02  -1.0154E+00
  2.16582E-04   9.6364E-02  -1.0161E+00
  2.21290E-04   9.6287E-02  -1.0164E+00
  2.25140E-04   9.6224E-02  -1.0167E+00
  2.32839E-04   9.6099E-02  -1.0173E+00
  2.40748E-04   9.5970E-02  -1.0179E+00
  2.56566E-04   9.5714E-02  -1.0190E+00
  2.67730E-04   9.5534E-02  -1.0198E+00
  2.76989E-04   9.5385E-02  -1.0205E+00
  2.89716E-04   9.5181E-02  -1.0214E+00
  3.04914E-04   9.4939E-02  -1.0226E+00
  3.24400E-04   9.4629E-02  -1.0240E+00
  3.43700E-04   9.4324E-02  -1.0254E+00
  3.76180E-04   9.3814E-02  -1.0277E+00
  3.94354E-04   9.3530E-02  -1.0290E+00
  4.03429E-04   9.3389E-02  -1.0297E+00
  4.10596E-04   9.3278E-02  -1.0302E+00
  4.23158E-04   9.3083E-02  -1.0311E+00
  4.37104E-04   9.2868E-02  -1.0321E+00
  4.64997E-04   9.2440E-02  -1.0341E+00
  4.83658E-04   9.2155E-02  -1.0355E+00
  4.97632E-04   9.1943E-02  -1.0365E+00
  5.13818E-04   9.1697E-02  -1.0376E+00
  5.44965E-04   9.1229E-02  -1.0399E+00
  5.66407E-04   9.0909E-02  -1.0414E+00
  5.83012E-04   9.0662E-02  -1.0426E+00
  6.02999E-04   9.0366E-02  -1.0440E+00
  6.36863E-04   8.9869E-02  -1.0464E+00
  6.62696E-04   8.9492E-02  -1.0482E+00
  6.85670E-04   8.9159E-02  -1.0498E+00
  7.20922E-04   8.8653E-02  -1.0523E+00
  7.51478E-04   8.8217E-02  -1.0544E+00
  7.86772E-04   8.7718E-02  -1.0569E+00
  8.35604E-04   8.7036E-02  -1.0603E+00
  8.75057E-04   8.6491E-02  -1.0630E+00
  9.07727E-04   8.6043E-02  -1.0653E+00
  9.44469E-04   8.5544E-02  -1.0678E+00
  1.00067E-03   8.4791E-02  -1.0716E+00
  1.04256E-03   8.4236E-02  -1.0745E+00
  1.07456E-03   8.3815E-02  -1.0767E+00
  1.10849E-03   8.3373E-02  -1.0790E+00
  1.17634E-03   8.2503E-02  -1.0835E+00
  1.21686E-03   8.1989E-02  -1.0862E+00
  1.24180E-03   8.1674E-02  -1.0879E+00
  1.26539E-03   8.1378E-02  -1.0895E+00
  1.31257E-03   8.0793E-02  -1.0926E+00
  1.35121E-03   8.0319E-02  -1.0952E+00
  1.39890E-03   7.9740E-02  -1.0983E+00
  1.46299E-03   7.8975E-02  -1.1025E+00
  1.52445E-03   7.8252E-02  -1.1065E+00
  1.62400E-03   7.7108E-02  -1.1129E+00
  1.68371E-03   7.6433E-02  -1.1167E+00
  1.71673E-03   7.6062E-02  -1.1188E+00
  1.74383E-03   7.5760E-02  -1.1206E+00
  1.79154E-03   7.5234E-02  -1.1236E+00
  1.83935E-03   7.4713E-02  -1.1266E+00
  1.93497E-03   7.3695E-02  -1.1326E+00
  1.99480E-03   7.3067E-02  -1.1363E+00
  2.03492E-03   7.2650E-02  -1.1388E+00
  2.07568E-03   7.2230E-02  -1.1413E+00
  2.15720E-03   7.1407E-02  -1.1463E+00
  2.21831E-03   7.0799E-02  -1.1500E+00
  2.27797E-03   7.0214E-02  -1.1536E+00
  2.39728E-03   6.9077E-02  -1.1607E+00
  2.46801E-03   6.8414E-02  -1.1649E+00
  2.51143E-03   6.8011E-02  -1.1674E+00
  2.55248E-03   6.7634E-02  -1.1698E+00
  2.63458E-03   6.6894E-02  -1.1746E+00
  2.70147E-03   6.6300E-02  -1.1785E+00
  2.78352E-03   6.5586E-02  -1.1832E+00
  2.89894E-03   6.4608E-02  -1.1897E+00
  3.00210E-03   6.3755E-02  -1.1955E+00
  3.12591E-03   6.2759E-02  -1.2023E+00
  3.25280E-03   6.1768E-02  -1.2092E+00
  3.48069E-03   6.0076E-02  -1.2213E+00
  3.58323E-03   5.9332E-02  -1.2267E+00
  3.62435E-03   5.9037E-02  -1.2289E+00
  3.65492E-03   5.8819E-02  -1.2305E+00
  3.71100E-03   5.8424E-02  -1.2334E+00
  3.77896E-03   5.7952E-02  -1.2369E+00
  3.90332E-03   5.7113E-02  -1.2433E+00
  4.00403E-03   5.6448E-02  -1.2483E+00
  4.11913E-03   5.5708E-02  -1.2541E+00
  4.31076E-03   5.4525E-02  -1.2634E+00
  4.43806E-03   5.3761E-02  -1.2695E+00
  4.52399E-03   5.3255E-02  -1.2736E+00
  4.60586E-03   5.2781E-02  -1.2775E+00
  4.76960E-03   5.1866E-02  -1.2851E+00
  4.88726E-03   5.1225E-02  -1.2905E+00
  4.99251E-03   5.0664E-02  -1.2953E+00
  5.17073E-03   4.9750E-02  -1.3032E+00
  5.31022E-03   4.9054E-02  -1.3093E+00
  5.44597E-03   4.8396E-02  -1.3152E+00
  5.71749E-03   4.7151E-02  -1.3265E+00
  5.86291E-03   4.6503E-02  -1.3325E+00
  5.93984E-03   4.6166E-02  -1.3357E+00
  6.00499E-03   4.5884E-02  -1.3383E+00
  6.13529E-03   4.5335E-02  -1.3436E+00
  6.25384E-03   4.4847E-02  -1.3483E+00
  6.47890E-03   4.3960E-02  -1.3569E+00
  6.63625E-03   4.3359E-02  -1.3629E+00
  6.76403E-03   4.2883E-02  -1.3677E+00
  6.92896E-03   4.2288E-02  -1.3738E+00
  7.14005E-03   4.1557E-02  -1.3814E+00
  7.37212E-03   4.0786E-02  -1.3895E+00
  7.65904E-03   3.9883E-02  -1.3992E+00
  7.90584E-03   3.9139E-02  -1.4074E+00
  8.14210E-03   3.8457E-02  -1.4150E+00
  8.55378E-03   3.7351E-02  -1.4277E+00
  8.76672E-03   3.6799E-02  -1.4342E+00
  8.86781E-03   3.6542E-02  -1.4372E+00
  8.94648E-03   3.6344E-02  -1.4396E+00
  9.08594E-03   3.6002E-02  -1.4437E+00
  9.24086E-03   3.5633E-02  -1.4482E+00
  9.55072E-03   3.4930E-02  -1.4568E+00
  9.76089E-03   3.4469E-02  -1.4626E+00
  9.92733E-03   3.4114E-02  -1.4671E+00
  1.01355E-02   3.3684E-02  -1.4726E+00
  1.04295E-02   3.3105E-02  -1.4801E+00
  1.07106E-02   3.2575E-02  -1.4871E+00
  1.12236E-02   3.1677E-02  -1.4993E+00
  1.14802E-02   3.1244E-02  -1.5052E+00
  1.15997E-02   3.1047E-02  -1.5080E+00
  1.16933E-02   3.0894E-02  -1.5101E+00
  1.18657E-02   3.0619E-02  -1.5140E+00
  1.20527E-02   3.0329E-02  -1.5181E+00
  1.24265E-02   2.9779E-02  -1.5261E+00
  1.26829E-02   2.9414E-02  -1.5314E+00
  1.28915E-02   2.9126E-02  -1.5357E+00
  1.31668E-02   2.8759E-02  -1.5412E+00
  1.35033E-02   2.8330E-02  -1.5478E+00
  1.39043E-02   2.7843E-02  -1.5553E+00
  1.43469E-02   2.7334E-02  -1.5633E+00
  1.48129E-02   2.6827E-02  -1.5714E+00
  1.53229E-02   2.6304E-02  -1.5800E+00
  1.58681E-02   2.5777E-02  -1.5888E+00
  1.63750E-02   2.5313E-02  -1.5967E+00
  1.69473E-02   2.4819E-02  -1.6052E+00
  1.75064E-02   2.4363E-02  -1.6133E+00
  1.81232E-02   2.3890E-02  -1.6218E+00
  1.86823E-02   2.3482E-02  -1.6293E+00
  1.92663E-02   2.3078E-02  -1.6368E+00
  1.99062E-02   2.2660E-02  -1.6447E+00
  2.05285E-02   2.2274E-02  -1.6522E+00
  2.13124E-02   2.1817E-02  -1.6612E+00
  2.18797E-02   2.1502E-02  -1.6675E+00
  2.22347E-02   2.1309E-02  -1.6714E+00
  2.25142E-02   2.1161E-02  -1.6745E+00
  2.28948E-02   2.0965E-02  -1.6785E+00
  2.33718E-02   2.0728E-02  -1.6834E+00
  2.39880E-02   2.0435E-02  -1.6896E+00
  2.46054E-02   2.0154E-02  -1.6956E+00
  2.55403E-02   1.9753E-02  -1.7044E+00
  2.60858E-02   1.9527E-02  -1.7094E+00
  2.63710E-02   1.9411E-02  -1.7120E+00
  2.65958E-02   1.9321E-02  -1.7140E+00
  2.69728E-02   1.9173E-02  -1.7173E+00
  2.73840E-02   1.9016E-02  -1.7209E+00
  2.82063E-02   1.8717E-02  -1.7278E+00
  2.87229E-02   1.8535E-02  -1.7320E+00
  2.90783E-02   1.8412E-02  -1.7349E+00
  2.94451E-02   1.8288E-02  -1.7378E+00
  3.01787E-02   1.8050E-02  -1.7435E+00
  3.06949E-02   1.7886E-02  -1.7475E+00
  3.11401E-02   1.7749E-02  -1.7508E+00
  3.18234E-02   1.7545E-02  -1.7558E+00
  3.24390E-02   1.7367E-02  -1.7603E+00
  3.33470E-02   1.7116E-02  -1.7666E+00
  3.40412E-02   1.6930E-02  -1.7713E+00
  3.46180E-02   1.6780E-02  -1.7752E+00
  3.53211E-02   1.6602E-02  -1.7798E+00
  3.62096E-02   1.6387E-02  -1.7855E+00
  3.70580E-02   1.6189E-02  -1.7908E+00
  3.83477E-02   1.5903E-02  -1.7985E+00
  3.90805E-02   1.5746E-02  -1.8028E+00
  3.94528E-02   1.5667E-02  -1.8050E+00
  3.97471E-02   1.5605E-02  -1.8067E+00
  4.02609E-02   1.5500E-02  -1.8097E+00
  4.08097E-02   1.5390E-02  -1.8128E+00
  4.19072E-02   1.5179E-02  -1.8188E+00
  4.26004E-02   1.5049E-02  -1.8225E+00
  4.30817E-02   1.4960E-02  -1.8251E+00
  4.35908E-02   1.4869E-02  -1.8277E+00
  4.46090E-02   1.4691E-02  -1.8329E+00
  4.53153E-02   1.4571E-02  -1.8365E+00
  4.59050E-02   1.4473E-02  -1.8394E+00
  4.67427E-02   1.4337E-02  -1.8435E+00
  4.76146E-02   1.4200E-02  -1.8477E+00
  4.90093E-02   1.3991E-02  -1.8542E+00
  4.98785E-02   1.3864E-02  -1.8581E+00
  5.03989E-02   1.3789E-02  -1.8605E+00
  5.08565E-02   1.3724E-02  -1.8625E+00
  5.17716E-02   1.3598E-02  -1.8665E+00
  5.25026E-02   1.3499E-02  -1.8697E+00
  5.33636E-02   1.3386E-02  -1.8734E+00
  5.46254E-02   1.3226E-02  -1.8786E+00
  5.56416E-02   1.3100E-02  -1.8827E+00
  5.66009E-02   1.2985E-02  -1.8866E+00
  5.84251E-02   1.2777E-02  -1.8936E+00
  5.93378E-02   1.2675E-02  -1.8971E+00
  5.97723E-02   1.2627E-02  -1.8987E+00
  6.01310E-02   1.2587E-02  -1.9001E+00
  6.08485E-02   1.2510E-02  -1.9027E+00
  6.15598E-02   1.2435E-02  -1.9053E+00
  6.29823E-02   1.2291E-02  -1.9104E+00
  6.39237E-02   1.2197E-02  -1.9137E+00
  6.46359E-02   1.2128E-02  -1.9162E+00
  6.54844E-02   1.2046E-02  -1.9191E+00
  6.68818E-02   1.1917E-02  -1.9238E+00
  6.79653E-02   1.1819E-02  -1.9274E+00
  6.89916E-02   1.1728E-02  -1.9308E+00
  7.10442E-02   1.1555E-02  -1.9372E+00
  7.20855E-02   1.1469E-02  -1.9405E+00
  7.26002E-02   1.1427E-02  -1.9421E+00
  7.30399E-02   1.1391E-02  -1.9434E+00
  7.39193E-02   1.1321E-02  -1.9461E+00
  7.47717E-02   1.1255E-02  -1.9487E+00
  7.64764E-02   1.1126E-02  -1.9537E+00
  7.75789E-02   1.1045E-02  -1.9568E+00
  7.83801E-02   1.0987E-02  -1.9591E+00
  7.92878E-02   1.0922E-02  -1.9617E+00
  8.11032E-02   1.0797E-02  -1.9667E+00
  8.22577E-02   1.0719E-02  -1.9698E+00
  8.30708E-02   1.0665E-02  -1.9720E+00
  8.39602E-02   1.0607E-02  -1.9744E+00
  8.57391E-02   1.0494E-02  -1.9790E+00
  8.69302E-02   1.0421E-02  -1.9821E+00
  8.78536E-02   1.0364E-02  -1.9845E+00
  8.90079E-02   1.0295E-02  -1.9874E+00
  9.06705E-02   1.0199E-02  -1.9914E+00
  9.21893E-02   1.0113E-02  -1.9951E+00
  9.44291E-02   9.9909E-03  -2.0004E+00
  9.60154E-02   9.9065E-03  -2.0041E+00
  9.71176E-02   9.8489E-03  -2.0066E+00
  9.81680E-02   9.7949E-03  -2.0090E+00
  1.00269E-01   9.6903E-03  -2.0137E+00
  1.01630E-01   9.6240E-03  -2.0166E+00
  1.02623E-01   9.5763E-03  -2.0188E+00
  1.03764E-01   9.5224E-03  -2.0213E+00
  1.06013E-01   9.4196E-03  -2.0260E+00
  1.07453E-01   9.3551E-03  -2.0289E+00
  1.08471E-01   9.3102E-03  -2.0310E+00
  1.09594E-01   9.2614E-03  -2.0333E+00
  1.11840E-01   9.1668E-03  -2.0378E+00
  1.13321E-01   9.1057E-03  -2.0407E+00
  1.14437E-01   9.0603E-03  -2.0429E+00
  1.15780E-01   9.0067E-03  -2.0454E+00
  1.17976E-01   8.9214E-03  -2.0496E+00
  1.19683E-01   8.8566E-03  -2.0527E+00
  1.21308E-01   8.7961E-03  -2.0557E+00
  1.24559E-01   8.6799E-03  -2.0615E+00
  1.26251E-01   8.6206E-03  -2.0645E+00
  1.27117E-01   8.5906E-03  -2.0660E+00
  1.27864E-01   8.5650E-03  -2.0673E+00
  1.29356E-01   8.5146E-03  -2.0698E+00
  1.30761E-01   8.4680E-03  -2.0722E+00
  1.33570E-01   8.3777E-03  -2.0769E+00
  1.35332E-01   8.3222E-03  -2.0798E+00
  1.36548E-01   8.2844E-03  -2.0817E+00
  1.37847E-01   8.2447E-03  -2.0838E+00
  1.40444E-01   8.1673E-03  -2.0879E+00
  1.42227E-01   8.1153E-03  -2.0907E+00
  1.43685E-01   8.0733E-03  -2.0929E+00
  1.45699E-01   8.0166E-03  -2.0960E+00
  1.47933E-01   7.9552E-03  -2.0994E+00
  1.52040E-01   7.8467E-03  -2.1053E+00
  1.54198E-01   7.7909E-03  -2.1084E+00
  1.55268E-01   7.7636E-03  -2.1099E+00
  1.56137E-01   7.7416E-03  -2.1112E+00
  1.57845E-01   7.6990E-03  -2.1136E+00
  1.59503E-01   7.6583E-03  -2.1159E+00
  1.62821E-01   7.5793E-03  -2.1204E+00
  1.64930E-01   7.5301E-03  -2.1232E+00
  1.66422E-01   7.4958E-03  -2.1252E+00
  1.68045E-01   7.4590E-03  -2.1273E+00
  1.71292E-01   7.3875E-03  -2.1315E+00
  1.73456E-01   7.3407E-03  -2.1343E+00
  1.75127E-01   7.3051E-03  -2.1364E+00
  1.77187E-01   7.2620E-03  -2.1389E+00
  1.80243E-01   7.1997E-03  -2.1427E+00
  1.82931E-01   7.1461E-03  -2.1459E+00
  1.86377E-01   7.0794E-03  -2.1500E+00
  1.89884E-01   7.0133E-03  -2.1541E+00
  1.96898E-01   6.8880E-03  -2.1619E+00
  1.99700E-01   6.8390E-03  -2.1650E+00
  2.00703E-01   6.8216E-03  -2.1661E+00
  2.01428E-01   6.8091E-03  -2.1669E+00
  2.02837E-01   6.7850E-03  -2.1684E+00
  2.04594E-01   6.7554E-03  -2.1703E+00
  2.07652E-01   6.7051E-03  -2.1736E+00
  2.10286E-01   6.6625E-03  -2.1764E+00
  2.13918E-01   6.6053E-03  -2.1801E+00
  2.17458E-01   6.5509E-03  -2.1837E+00
  2.24539E-01   6.4472E-03  -2.1906E+00
  2.27826E-01   6.4001E-03  -2.1938E+00
  2.29248E-01   6.3799E-03  -2.1952E+00
  2.30316E-01   6.3649E-03  -2.1962E+00
  2.32239E-01   6.3381E-03  -2.1980E+00
  2.34490E-01   6.3073E-03  -2.2002E+00
  2.38775E-01   6.2501E-03  -2.2041E+00
  2.41844E-01   6.2100E-03  -2.2069E+00
  2.44528E-01   6.1754E-03  -2.2093E+00
  2.48797E-01   6.1219E-03  -2.2131E+00
  2.52332E-01   6.0785E-03  -2.2162E+00
  2.56273E-01   6.0313E-03  -2.2196E+00
  2.63322E-01   5.9501E-03  -2.2255E+00
  2.67304E-01   5.9053E-03  -2.2288E+00
  2.69461E-01   5.8813E-03  -2.2305E+00
  2.71183E-01   5.8624E-03  -2.2319E+00
  2.74110E-01   5.8307E-03  -2.2343E+00
  2.77160E-01   5.7982E-03  -2.2367E+00
  2.83260E-01   5.7353E-03  -2.2414E+00
  2.87033E-01   5.6972E-03  -2.2443E+00
  2.89574E-01   5.6719E-03  -2.2463E+00
  2.92121E-01   5.6468E-03  -2.2482E+00
  2.97215E-01   5.5980E-03  -2.2520E+00
  3.00852E-01   5.5638E-03  -2.2546E+00
  3.04099E-01   5.5337E-03  -2.2570E+00
  3.09709E-01   5.4832E-03  -2.2610E+00
  3.13921E-01   5.4460E-03  -2.2639E+00
  3.17757E-01   5.4128E-03  -2.2666E+00
  3.24407E-01   5.3570E-03  -2.2711E+00
  3.29028E-01   5.3190E-03  -2.2742E+00
  3.32576E-01   5.2903E-03  -2.2765E+00
  3.36539E-01   5.2588E-03  -2.2791E+00
  3.44464E-01   5.1980E-03  -2.2842E+00
  3.49196E-01   5.1624E-03  -2.2871E+00
  3.52187E-01   5.1403E-03  -2.2890E+00
  3.54969E-01   5.1199E-03  -2.2907E+00
  3.60533E-01   5.0800E-03  -2.2941E+00
  3.64777E-01   5.0502E-03  -2.2967E+00
  3.69200E-01   5.0196E-03  -2.2993E+00
  3.78046E-01   4.9606E-03  -2.3045E+00
  3.83310E-01   4.9262E-03  -2.3075E+00
  3.86617E-01   4.9049E-03  -2.3094E+00
  3.89659E-01   4.8856E-03  -2.3111E+00
  3.95744E-01   4.8477E-03  -2.3145E+00
  4.00416E-01   4.8191E-03  -2.3170E+00
  4.05365E-01   4.7895E-03  -2.3197E+00
  4.15262E-01   4.7322E-03  -2.3249E+00
  4.21142E-01   4.6988E-03  -2.3280E+00
  4.24820E-01   4.6783E-03  -2.3299E+00
  4.28176E-01   4.6597E-03  -2.3316E+00
  4.34888E-01   4.6235E-03  -2.3350E+00
  4.40065E-01   4.5961E-03  -2.3376E+00
  4.45606E-01   4.5672E-03  -2.3403E+00
  4.56687E-01   4.5117E-03  -2.3457E+00
  4.63276E-01   4.4793E-03  -2.3488E+00
  4.67398E-01   4.4593E-03  -2.3507E+00
  4.71147E-01   4.4414E-03  -2.3525E+00
  4.78643E-01   4.4064E-03  -2.3559E+00
  4.84427E-01   4.3798E-03  -2.3585E+00
  4.90618E-01   4.3520E-03  -2.3613E+00
  5.03001E-01   4.2983E-03  -2.3667E+00
  5.10402E-01   4.2669E-03  -2.3699E+00
  5.15068E-01   4.2474E-03  -2.3719E+00
  5.19326E-01   4.2298E-03  -2.3737E+00
  5.27843E-01   4.1954E-03  -2.3772E+00
  5.34376E-01   4.1695E-03  -2.3799E+00
  5.41259E-01   4.1428E-03  -2.3827E+00
  5.55024E-01   4.0913E-03  -2.3881E+00
  5.63346E-01   4.0609E-03  -2.3914E+00
  5.68691E-01   4.0416E-03  -2.3934E+00
  5.73644E-01   4.0240E-03  -2.3953E+00
  5.83551E-01   3.9896E-03  -2.3991E+00
  5.91037E-01   3.9642E-03  -2.4018E+00
  5.98625E-01   3.9389E-03  -2.4046E+00
  6.13799E-01   3.8901E-03  -2.4100E+00
  6.23155E-01   3.8607E-03  -2.4133E+00
  6.29368E-01   3.8414E-03  -2.4155E+00
  6.35317E-01   3.8233E-03  -2.4176E+00
  6.47215E-01   3.7880E-03  -2.4216E+00
  6.55961E-01   3.7625E-03  -2.4245E+00
  6.64238E-01   3.7389E-03  -2.4273E+00
  6.80793E-01   3.6933E-03  -2.4326E+00
  6.91304E-01   3.6651E-03  -2.4359E+00
  6.98653E-01   3.6456E-03  -2.4382E+00
  7.06118E-01   3.6262E-03  -2.4406E+00
  7.21048E-01   3.5885E-03  -2.4451E+00
  7.31532E-01   3.5626E-03  -2.4482E+00
  7.40475E-01   3.5409E-03  -2.4509E+00
  7.53468E-01   3.5102E-03  -2.4547E+00
  7.66511E-01   3.4802E-03  -2.4584E+00
  7.92597E-01   3.4230E-03  -2.4656E+00
  8.07068E-01   3.3922E-03  -2.4695E+00
  8.15031E-01   3.3754E-03  -2.4717E+00
  8.21360E-01   3.3623E-03  -2.4734E+00
  8.31533E-01   3.3416E-03  -2.4761E+00
  8.42795E-01   3.3191E-03  -2.4790E+00
  8.65319E-01   3.2758E-03  -2.4847E+00
  8.79870E-01   3.2486E-03  -2.4883E+00
  8.90322E-01   3.2293E-03  -2.4909E+00
  9.01254E-01   3.2096E-03  -2.4936E+00
  9.23118E-01   3.1715E-03  -2.4987E+00
  9.38219E-01   3.1458E-03  -2.5023E+00
  9.50587E-01   3.1252E-03  -2.5051E+00
  9.66744E-01   3.0989E-03  -2.5088E+00
  9.87195E-01   3.0667E-03  -2.5133E+00
  1.00000E+00   3.0469E-03  -2.5161E+00
  1.02561E+00   3.0087E-03  -2.5216E+00
  1.04328E+00   2.9831E-03  -2.5253E+00
  1.05766E+00   2.9627E-03  -2.5283E+00
  1.07614E+00   2.9371E-03  -2.5321E+00
  1.10066E+00   2.9043E-03  -2.5370E+00
  1.12788E+00   2.8691E-03  -2.5422E+00
  1.18234E+00   2.8035E-03  -2.5523E+00
  1.21071E+00   2.7705E-03  -2.5574E+00
  1.22457E+00   2.7546E-03  -2.5599E+00
  1.23448E+00   2.7434E-03  -2.5617E+00
  1.24840E+00   2.7280E-03  -2.5642E+00
  1.26901E+00   2.7057E-03  -2.5677E+00
  1.29284E+00   2.6806E-03  -2.5718E+00
  1.33706E+00   2.6362E-03  -2.5790E+00
  1.36697E+00   2.6072E-03  -2.5838E+00
  1.38892E+00   2.5865E-03  -2.5873E+00
  1.41148E+00   2.5656E-03  -2.5908E+00
  1.45660E+00   2.5258E-03  -2.5976E+00
  1.48766E+00   2.4993E-03  -2.6022E+00
  1.51245E+00   2.4786E-03  -2.6058E+00
  1.54267E+00   2.4542E-03  -2.6101E+00
  1.59077E+00   2.4170E-03  -2.6167E+00
  1.63167E+00   2.3866E-03  -2.6222E+00
  1.67680E+00   2.3544E-03  -2.6281E+00
  1.76707E+00   2.2946E-03  -2.6393E+00
  1.81898E+00   2.2617E-03  -2.6456E+00
  1.84805E+00   2.2437E-03  -2.6490E+00
  1.87091E+00   2.2298E-03  -2.6517E+00
  1.90558E+00   2.2094E-03  -2.6557E+00
  1.94798E+00   2.1851E-03  -2.6605E+00
  2.00000E+00   2.1565E-03  -2.6662E+00
  2.05488E+00   2.1276E-03  -2.6721E+00
  2.16465E+00   2.0739E-03  -2.6832E+00
  2.23371E+00   2.0417E-03  -2.6900E+00
  2.27838E+00   2.0215E-03  -2.6943E+00
  2.31843E+00   2.0038E-03  -2.6981E+00
  2.39534E+00   1.9715E-03  -2.7052E+00
  2.46010E+00   1.9454E-03  -2.7110E+00
  2.53967E+00   1.9147E-03  -2.7179E+00
  2.66756E+00   1.8690E-03  -2.7284E+00
  2.77635E+00   1.8323E-03  -2.7370E+00
  2.88523E+00   1.7976E-03  -2.7453E+00
  3.00000E+00   1.7632E-03  -2.7537E+00
  3.11928E+00   1.7295E-03  -2.7621E+00
  3.35783E+00   1.6689E-03  -2.7776E+00
  3.51774E+00   1.6311E-03  -2.7875E+00
  3.62650E+00   1.6066E-03  -2.7941E+00
  3.72718E+00   1.5849E-03  -2.8000E+00
  3.92488E+00   1.5455E-03  -2.8109E+00
  4.00000E+00   1.5310E-03  -2.8150E+00
  4.15025E+00   1.5037E-03  -2.8228E+00
  4.30457E+00   1.4773E-03  -2.8305E+00
  4.61323E+00   1.4301E-03  -2.8446E+00
  4.87010E+00   1.3943E-03  -2.8556E+00
  5.00000E+00   1.3771E-03  -2.8610E+00
