 
  ************************** CRUNCH ******************************
  ************************ VERSION 1.0 ***************************
 
                      Author:  C.I. STEEFEL 
  COPYRIGHT (c) 2000. The Regents of the University of California. 
                       All Rights Reserved 
 
  ****************************************************************
  This work was produced at the University of California, Lawrence 
  Livermore National Laboratory (UC LLNL) under contract no. W-7405-ENG-48 
  (Contract 48) between the U.S. Department of Energy (DOE) and The Regents 
  of the University of California (University) for the operation of UC LLNL. 
  Copyright is reserved to the University for purposes of controlled dissem- 
  ination, commercialization through formal licensing, or other disposition 
  under terms of Contract 48; DOE policies, regulations and orders; and U.S. 
  statutes. The rights of the Federal Government are reserved under Contract 
  48 subject to the restrictions agreed upon by the DOE and University as 
  allowed under DOE Acquisition Letter 97-1. 
 
                                DISCLAIMER                            
  This work was prepared as an account of work sponsored by an agency of the
  United States Government. Neither the United States Government nor the 
  University of California nor any of their employees, makes any warranty, 
  express or implied, or assumes any liability or responsibility for the 
  accuracy, completeness, or usefulness of any information, apparatus, product,
  or process disclosed, or represents that its use would not infringe 
  privately-owned rights.  Reference herein to any specific commercial products,
  process, or service by trade name, trademark, manufacturer or otherwise does 
  not necessarily constitute or imply its endorsement, recommendation, or 
  favoring by the United States Government or the University of California. 
  The views and opinions of authors expressed herein do not necessarily state 
  or reflect those of the United States Government or the University of 
  California, and shall not be used for advertising or product endorsement 
  purposes. 
  ****************************************************************
 
 
  Test of species diffusion against Lichtner (MULTIFLO) example           
 
 
 
   ---> Using database: datacom.dbs                                                                                         
 
 
 Number of components =                     1
 
  1 Cl-               
 
 Number of secondary species in input file =            0
 
 
 Number of kinetic minerals =            0
 
 
  Using database file: datacom.dbs
 
  temperature interpolation coefficients
                  ln(T+Tk)        1         T+Tk      (T+Tk)**-1   (t+tk)**-2
 
  ***KINETIC INPUTS***
 
   MINERAL
 
 
  ******  GEOCHEMICAL CONDITIONS INPUT  ******
 
 Number of geochemical conditions specified =            4
 
  Condition Label: initial
 
 
  Primary species    itype     guess      Total conc.  Constraint phase
  Cl-                  1    1.0000E-06    1.0000E-30                       
 
  Porosity for this chemical condition =   1.0000
 
 
 
  Condition Label: injection
 
 
  Primary species    itype     guess      Total conc.  Constraint phase
  Cl-                  1    1.0000E-06    1.0000E-01                       
 
  Porosity for this chemical condition =   1.0000
 
 
 
  Condition Label: inlet
 
 
  Primary species    itype     guess      Total conc.  Constraint phase
  Cl-                  1    1.0000E-06    1.0000E-30                       
 
  Porosity for this chemical condition =   1.0000
 
 
 
  Condition Label: outlet
 
 
  Primary species    itype     guess      Total conc.  Constraint phase
  Cl-                  1    1.0000E-06    1.0000E-30                       
 
  Porosity for this chemical condition =   1.0000
 
 
 
   ********  SPECIATION OF GEOCHEMICAL CONDITIONS  ********
 
 
 *********************************************
  ---> GEOCHEMICAL CONDITION: initial
 
  Temperature (C)         =     25.000
  Porosity                =      1.000
  Liquid Saturation       =      1.000
  Liquid Density (kg/m^3) =    997.075
  Solid Density (kg/m^3)  =      0.000
  Solid:Solution Ratio    =      0.000
  Ionic Strength          =      0.000
  Total Charge            = -2.537E-29
 
 Total Aqueous Concentrations of Primary Species  
 --------------------------------------- 
 
 Species                Molality     Constraint    Constraint Phase 
 Cl-                  2.5371E-29     Total                           
 
 Concentrations of Individual Species, Exchangers, and Surface Complexes 
 ----------------------------------------------------------------------- 
 
                           Log        Log                                 Activity
 Species              Molality   Activity      Molality      Activity   Coefficient    Type
  Cl-                  -28.596    -28.596     2.537E-29     2.537E-29     1.000E+00  Aqueous 
 
  ****** Partial pressure of gases (bars) *****
 
 
  ****** Saturation state of minerals (log[Q/K] *****
 
 
 *********************************************
  ---> GEOCHEMICAL CONDITION: injection
 
  Temperature (C)         =     25.000
  Porosity                =      1.000
  Liquid Saturation       =      1.000
  Liquid Density (kg/m^3) =    997.075
  Solid Density (kg/m^3)  =      0.000
  Solid:Solution Ratio    =      0.000
  Ionic Strength          =      0.050
  Total Charge            = -1.000E-01
 
 Total Aqueous Concentrations of Primary Species  
 --------------------------------------- 
 
 Species                Molality     Constraint    Constraint Phase 
 Cl-                  1.0000E-01     Total                           
 
 Concentrations of Individual Species, Exchangers, and Surface Complexes 
 ----------------------------------------------------------------------- 
 
                           Log        Log                                 Activity
 Species              Molality   Activity      Molality      Activity   Coefficient    Type
  Cl-                   -1.000     -1.000     1.000E-01     1.000E-01     1.000E+00  Aqueous 
 
  ****** Partial pressure of gases (bars) *****
 
 
  ****** Saturation state of minerals (log[Q/K] *****
 
 
 *********************************************
  ---> GEOCHEMICAL CONDITION: inlet
 
  Temperature (C)         =     25.000
  Porosity                =      1.000
  Liquid Saturation       =      1.000
  Liquid Density (kg/m^3) =    997.075
  Solid Density (kg/m^3)  =      0.000
  Solid:Solution Ratio    =      0.000
  Ionic Strength          =      0.000
  Total Charge            = -2.537E-29
 
 Total Aqueous Concentrations of Primary Species  
 --------------------------------------- 
 
 Species                Molality     Constraint    Constraint Phase 
 Cl-                  2.5371E-29     Total                           
 
 Concentrations of Individual Species, Exchangers, and Surface Complexes 
 ----------------------------------------------------------------------- 
 
                           Log        Log                                 Activity
 Species              Molality   Activity      Molality      Activity   Coefficient    Type
  Cl-                  -28.596    -28.596     2.537E-29     2.537E-29     1.000E+00  Aqueous 
 
  ****** Partial pressure of gases (bars) *****
 
 
  ****** Saturation state of minerals (log[Q/K] *****
 
 
 *********************************************
  ---> GEOCHEMICAL CONDITION: outlet
 
  Temperature (C)         =     25.000
  Porosity                =      1.000
  Liquid Saturation       =      1.000
  Liquid Density (kg/m^3) =    997.075
  Solid Density (kg/m^3)  =      0.000
  Solid:Solution Ratio    =      0.000
  Ionic Strength          =      0.000
  Total Charge            = -2.537E-29
 
 Total Aqueous Concentrations of Primary Species  
 --------------------------------------- 
 
 Species                Molality     Constraint    Constraint Phase 
 Cl-                  2.5371E-29     Total                           
 
 Concentrations of Individual Species, Exchangers, and Surface Complexes 
 ----------------------------------------------------------------------- 
 
                           Log        Log                                 Activity
 Species              Molality   Activity      Molality      Activity   Coefficient    Type
  Cl-                  -28.596    -28.596     2.537E-29     2.537E-29     1.000E+00  Aqueous 
 
  ****** Partial pressure of gases (bars) *****
 
 
  ****** Saturation state of minerals (log[Q/K] *****
 
 
                SPECIATION OF  
      INITIAL AND BOUNDARY CONDITIONS 
           SUCCESSFULLY COMPLETED
 
 
   NZ =            1
 
  Cell  Distance (m)
   1    5.000E-01
 
 
 Number of heterogeneities =            2
 
 
 Parameters for this run:
 
  Maximum timestep (yrs) =    2.740E-02
  Maximum timestep (yrs) =    2.740E-13
 
 --> Porosity set by "fix_porosity" or "set_porosity" keywords
 ----> No update of porosity
 --> Unit activity coefficients
 
  Temperature (C) at J = 1            25.00
  Temperature gradient (C/m) =         0.00
 
 Graphics files printed at (yrs)
   2.7397E-03
   5.4795E-03
   8.2192E-03
   1.0959E-02
   1.3699E-02

 
  Constant velocities have been specified
 
   X Darcy velocity =   0.000000000000000E+000
   Y Darcy velocity =   0.000000000000000E+000
 
 
  Constant gas velocities have been specified
 
   X gas flux  =   0.000000000000000E+000
   Y gas flux  =   0.000000000000000E+000
   Z gas flux  =   0.000000000000000E+000
 
 
 
 
   Using constant diffusion coefficient
  Diffusion coefficient (m**2/yr) =       3.1536E-02
 
 
  Longitudinal dispersivity (m) =     0.0000E+00
  Transverse dispersivity (m) =       0.0000E+00
 
 
         INITIALIZATION COMPLETED 
          STARTING TIMESTEPPING 
 
