 1.49400000E+00 2.07825030E-01 4.30107000E-01
 1.48100000E+00 2.03498820E-01 4.30967500E-01
 1.46900000E+00 1.99219230E-01 4.31816000E-01
 1.45600000E+00 1.94986680E-01 4.32661000E-01
 1.44400000E+00 1.90800960E-01 4.33502500E-01
 1.43100000E+00 1.86662070E-01 4.34340500E-01
 1.41900000E+00 1.82570430E-01 4.35175000E-01
 1.40600000E+00 1.78525620E-01 4.36006000E-01
 1.39400000E+00 1.74527850E-01 4.36833000E-01
 1.38100000E+00 1.70577330E-01 4.37656000E-01
 1.36900000E+00 1.66674060E-01 4.38475500E-01
 1.35600000E+00 1.62817830E-01 4.39291000E-01
 1.34400000E+00 1.59008850E-01 4.40102500E-01
 1.33100000E+00 1.55247120E-01 4.40910000E-01
 1.31900000E+00 1.51532640E-01 4.41713500E-01
 1.30600000E+00 1.47865620E-01 4.42512500E-01
 1.29400000E+00 1.44245850E-01 4.43307500E-01
 1.28100000E+00 1.40673330E-01 4.44098000E-01
 1.26900000E+00 1.37148480E-01 4.44884500E-01
 1.25600000E+00 1.33671090E-01 4.45666500E-01
 1.24400000E+00 1.30240950E-01 4.46444000E-01
 1.23100000E+00 1.26858480E-01 4.47216500E-01
 1.21900000E+00 1.23523470E-01 4.47984500E-01
 1.20600000E+00 1.20236130E-01 4.48748000E-01
 1.19400000E+00 1.16996250E-01 4.49506500E-01
 1.18100000E+00 1.13804040E-01 4.50260000E-01
 1.16900000E+00 1.10659500E-01 4.51009000E-01
 1.15600000E+00 1.07562420E-01 4.51752500E-01
 1.14400000E+00 1.04513010E-01 4.52491000E-01
 1.13100000E+00 1.01511270E-01 4.53224000E-01
 1.11900000E+00 9.85574100E-02 4.53952000E-01
 1.10600000E+00 9.56510100E-02 4.54674000E-01
 1.09400000E+00 9.27922800E-02 4.55391000E-01
 1.08100000E+00 8.99812200E-02 4.56102000E-01
 1.06900000E+00 8.72178300E-02 4.56807500E-01
 1.05600000E+00 8.45021100E-02 4.57507000E-01
 1.04400000E+00 8.18340600E-02 4.58200500E-01
 1.03100000E+00 7.92134700E-02 4.58888000E-01
 1.01900000E+00 7.66405500E-02 4.59569500E-01
 1.00600000E+00 7.41153000E-02 4.60244500E-01
 9.94000000E-01 7.16375100E-02 4.60913000E-01
 9.81000000E-01 6.92073900E-02 4.61575000E-01
 9.69000000E-01 6.68245200E-02 4.62230500E-01
 9.56000000E-01 6.44891100E-02 4.62879000E-01
 9.44000000E-01 6.22011600E-02 4.63521000E-01
 9.31000000E-01 5.99602500E-02 4.64155500E-01
 9.19000000E-01 5.77668000E-02 4.64783000E-01
 9.06000000E-01 5.56203900E-02 4.65403000E-01
 8.94000000E-01 5.35210200E-02 4.66016000E-01
 8.81000000E-01 5.14684800E-02 4.66621000E-01
 8.69000000E-01 4.94629800E-02 4.67218500E-01
 8.56000000E-01 4.75041000E-02 4.67807500E-01
 8.44000000E-01 4.55916300E-02 4.68389000E-01
 8.31000000E-01 4.37257800E-02 4.68962500E-01
 8.19000000E-01 4.19061300E-02 4.69527000E-01
 8.06000000E-01 4.01326800E-02 4.70083500E-01
 7.94000000E-01 3.84052200E-02 4.70631000E-01
 7.81000000E-01 3.67233300E-02 4.71170000E-01
 7.69000000E-01 3.50870100E-02 4.71700000E-01
 7.56000000E-01 3.34960500E-02 4.72220500E-01
 7.44000000E-01 3.19500300E-02 4.72732000E-01
 7.31000000E-01 3.04489500E-02 4.73234000E-01
 7.19000000E-01 2.89923900E-02 4.73726000E-01
 7.06000000E-01 2.75799300E-02 4.74209000E-01
 6.94000000E-01 2.62113600E-02 4.74681500E-01
 6.81000000E-01 2.48862600E-02 4.75144000E-01
 6.69000000E-01 2.36044200E-02 4.75596000E-01
 6.56000000E-01 2.23652100E-02 4.76038000E-01
 6.44000000E-01 2.11686300E-02 4.76469000E-01
 6.31000000E-01 2.00138400E-02 4.76890000E-01
 6.19000000E-01 1.89006300E-02 4.77299500E-01
 6.06000000E-01 1.78283700E-02 4.77698500E-01
 5.94000000E-01 1.67966400E-02 4.78086500E-01
 5.81000000E-01 1.58048100E-02 4.78463000E-01
 5.69000000E-01 1.48524600E-02 4.78828500E-01
 5.56000000E-01 1.39389600E-02 4.79182500E-01
 5.44000000E-01 1.30634700E-02 4.79525000E-01
 5.31000000E-01 1.22257800E-02 4.79856500E-01
 5.19000000E-01 1.14248400E-02 4.80176000E-01
 5.06000000E-01 1.06600200E-02 4.80484000E-01
 4.94000000E-01 9.93090000E-03 4.80780500E-01
 4.81000000E-01 9.23643000E-03 4.81066000E-01
 4.69000000E-01 8.57598000E-03 4.81339500E-01
 4.56000000E-01 7.94850000E-03 4.81601500E-01
 4.44000000E-01 7.35357000E-03 4.81852000E-01
 4.31000000E-01 6.79014000E-03 4.82091000E-01
 4.19000000E-01 6.25737000E-03 4.82319000E-01
 4.06000000E-01 5.75442000E-03 4.82536000E-01
 3.94000000E-01 5.28045000E-03 4.82742000E-01
 3.81000000E-01 4.83462000E-03 4.82937000E-01
 3.69000000E-01 4.41567000E-03 4.83121500E-01
 3.56000000E-01 4.02297000E-03 4.83296000E-01
 3.44000000E-01 3.65568000E-03 4.83459500E-01
 3.31000000E-01 3.31254000E-03 4.83613500E-01
 3.19000000E-01 2.99292000E-03 4.83758000E-01
 3.06000000E-01 2.69577000E-03 4.83893000E-01
 2.94000000E-01 2.42004000E-03 4.84018500E-01
 2.81000000E-01 2.16510000E-03 4.84135500E-01
 2.69000000E-01 1.92969000E-03 4.84243500E-01
 2.56000000E-01 1.71297000E-03 4.84343500E-01
 2.44000000E-01 1.51410000E-03 4.84436000E-01
 2.31000000E-01 1.33224000E-03 4.84520500E-01
 2.19000000E-01 1.16655000E-03 4.84598000E-01
 2.06000000E-01 1.01577000E-03 4.84668500E-01
 1.94000000E-01 8.79480000E-04 4.84732500E-01
 1.81000000E-01 7.56630000E-04 4.84790500E-01
 1.69000000E-01 6.46590000E-04 4.84842500E-01
 1.56000000E-01 5.48310000E-04 4.84888500E-01
 1.44000000E-01 4.61160000E-04 4.84930000E-01
 1.31000000E-01 3.84300000E-04 4.84966500E-01
 1.19000000E-01 3.16890000E-04 4.84998500E-01
 1.06000000E-01 2.58510000E-04 4.85026000E-01
 9.40000000E-02 2.08320000E-04 4.85050000E-01
 8.10000000E-02 1.65690000E-04 4.85070500E-01
 6.90000000E-02 1.29780000E-04 4.85087500E-01
 5.60000000E-02 1.00380000E-04 4.85101500E-01
 4.40000000E-02 7.66500000E-05 4.85113000E-01
 3.10000000E-02 5.83800000E-05 4.85121500E-01
 1.90000000E-02 4.55700000E-05 4.85127500E-01
 6.00000000E-03 3.86400000E-05 4.85131000E-01
