 1.49400000E+00 2.08200090E-01 4.03438500E-01
 1.48100000E+00 2.04614130E-01 4.04461000E-01
 1.46900000E+00 2.01056100E-01 4.05476500E-01
 1.45600000E+00 1.97525790E-01 4.06489500E-01
 1.44400000E+00 1.94023410E-01 4.07501000E-01
 1.43100000E+00 1.90548960E-01 4.08510500E-01
 1.41900000E+00 1.87102650E-01 4.09518000E-01
 1.40600000E+00 1.83684480E-01 4.10523500E-01
 1.39400000E+00 1.80294450E-01 4.11527000E-01
 1.38100000E+00 1.76932560E-01 4.12528500E-01
 1.36900000E+00 1.73599230E-01 4.13527500E-01
 1.35600000E+00 1.70294250E-01 4.14524500E-01
 1.34400000E+00 1.67017830E-01 4.15519500E-01
 1.33100000E+00 1.63769970E-01 4.16512500E-01
 1.31900000E+00 1.60550670E-01 4.17503000E-01
 1.30600000E+00 1.57360140E-01 4.18491000E-01
 1.29400000E+00 1.54198380E-01 4.19476500E-01
 1.28100000E+00 1.51065600E-01 4.20460000E-01
 1.26900000E+00 1.47961800E-01 4.21441000E-01
 1.25600000E+00 1.44886980E-01 4.22419500E-01
 1.24400000E+00 1.41841350E-01 4.23395000E-01
 1.23100000E+00 1.38825120E-01 4.24368500E-01
 1.21900000E+00 1.35838080E-01 4.25339000E-01
 1.20600000E+00 1.32880440E-01 4.26307000E-01
 1.19400000E+00 1.29952200E-01 4.27272000E-01
 1.18100000E+00 1.27053780E-01 4.28234000E-01
 1.16900000E+00 1.24184970E-01 4.29193500E-01
 1.15600000E+00 1.21345980E-01 4.30150000E-01
 1.14400000E+00 1.18536810E-01 4.31103500E-01
 1.13100000E+00 1.15757670E-01 4.32054000E-01
 1.11900000E+00 1.13008560E-01 4.33001000E-01
 1.10600000E+00 1.10289900E-01 4.33945000E-01
 1.09400000E+00 1.07601480E-01 4.34886000E-01
 1.08100000E+00 1.04943300E-01 4.35823500E-01
 1.06900000E+00 1.02315780E-01 4.36757500E-01
 1.05600000E+00 9.97189200E-02 4.37688000E-01
 1.04400000E+00 9.71529300E-02 4.38615000E-01
 1.03100000E+00 9.46178100E-02 4.39538000E-01
 1.01900000E+00 9.21135600E-02 4.40458000E-01
 1.00600000E+00 8.96403900E-02 4.41373500E-01
 9.94000000E-01 8.71987200E-02 4.42285500E-01
 9.81000000E-01 8.47883400E-02 4.43193000E-01
 9.69000000E-01 8.24094600E-02 4.44097000E-01
 9.56000000E-01 8.00620800E-02 4.44996500E-01
 9.44000000E-01 7.77468300E-02 4.45891500E-01
 9.31000000E-01 7.54632900E-02 4.46782500E-01
 9.19000000E-01 7.32116700E-02 4.47668500E-01
 9.06000000E-01 7.09923900E-02 4.48550000E-01
 8.94000000E-01 6.88054500E-02 4.49426500E-01
 8.81000000E-01 6.66510600E-02 4.50298500E-01
 8.69000000E-01 6.45294300E-02 4.51165500E-01
 8.56000000E-01 6.24403500E-02 4.52027000E-01
 8.44000000E-01 6.03842400E-02 4.52883000E-01
 8.31000000E-01 5.83613100E-02 4.53734000E-01
 8.19000000E-01 5.63717700E-02 4.54579000E-01
 8.06000000E-01 5.44154100E-02 4.55418500E-01
 7.94000000E-01 5.24928600E-02 4.56251500E-01
 7.81000000E-01 5.06039100E-02 4.57079000E-01
 7.69000000E-01 4.87489800E-02 4.57900000E-01
 7.56000000E-01 4.69280700E-02 4.58714000E-01
 7.44000000E-01 4.51413900E-02 4.59522000E-01
 7.31000000E-01 4.33891500E-02 4.60322500E-01
 7.19000000E-01 4.16713500E-02 4.61116000E-01
 7.06000000E-01 3.99886200E-02 4.61902500E-01
 6.94000000E-01 3.83405400E-02 4.62681000E-01
 6.81000000E-01 3.67277400E-02 4.63451500E-01
 6.69000000E-01 3.51500100E-02 4.64214500E-01
 6.56000000E-01 3.36077700E-02 4.64968500E-01
 6.44000000E-01 3.21012300E-02 4.65714000E-01
 6.31000000E-01 3.06301800E-02 4.66451000E-01
 6.19000000E-01 2.91952500E-02 4.67178000E-01
 6.06000000E-01 2.77962300E-02 4.67896000E-01
 5.94000000E-01 2.64335400E-02 4.68604000E-01
 5.81000000E-01 2.51069700E-02 4.69301500E-01
 5.69000000E-01 2.38169400E-02 4.69988500E-01
 5.56000000E-01 2.25634500E-02 4.70665000E-01
 5.44000000E-01 2.13467100E-02 4.71329500E-01
 5.31000000E-01 2.01665100E-02 4.71983000E-01
 5.19000000E-01 1.90232700E-02 4.72624000E-01
 5.06000000E-01 1.79169900E-02 4.73252500E-01
 4.94000000E-01 1.68474600E-02 4.73868000E-01
 4.81000000E-01 1.58151000E-02 4.74470500E-01
 4.69000000E-01 1.48194900E-02 4.75059000E-01
 4.56000000E-01 1.38608400E-02 4.75633000E-01
 4.44000000E-01 1.29389400E-02 4.76193000E-01
 4.31000000E-01 1.20537900E-02 4.76737500E-01
 4.19000000E-01 1.12053900E-02 4.77266500E-01
 4.06000000E-01 1.03933200E-02 4.77779500E-01
 3.94000000E-01 9.61737000E-03 4.78276000E-01
 3.81000000E-01 8.87754000E-03 4.78756000E-01
 3.69000000E-01 8.17341000E-03 4.79218500E-01
 3.56000000E-01 7.50456000E-03 4.79663500E-01
 3.44000000E-01 6.87078000E-03 4.80091000E-01
 3.31000000E-01 6.27144000E-03 4.80500000E-01
 3.19000000E-01 5.70591000E-03 4.80890500E-01
 3.06000000E-01 5.17398000E-03 4.81262000E-01
 2.94000000E-01 4.67481000E-03 4.81615000E-01
 2.81000000E-01 4.20777000E-03 4.81949000E-01
 2.69000000E-01 3.77202000E-03 4.82264000E-01
 2.56000000E-01 3.36693000E-03 4.82559500E-01
 2.44000000E-01 2.99166000E-03 4.82836500E-01
 2.31000000E-01 2.64495000E-03 4.83094500E-01
 2.19000000E-01 2.32617000E-03 4.83334000E-01
 2.06000000E-01 2.03427000E-03 4.83555000E-01
 1.94000000E-01 1.76820000E-03 4.83758000E-01
 1.81000000E-01 1.52670000E-03 4.83943500E-01
 1.69000000E-01 1.30872000E-03 4.84112500E-01
 1.56000000E-01 1.11300000E-03 4.84265000E-01
 1.44000000E-01 9.38490000E-04 4.84401500E-01
 1.31000000E-01 7.83720000E-04 4.84523000E-01
 1.19000000E-01 6.47850000E-04 4.84630500E-01
 1.06000000E-01 5.29410000E-04 4.84724500E-01
 9.40000000E-02 4.27350000E-04 4.84806000E-01
 8.10000000E-02 3.40200000E-04 4.84875500E-01
 6.90000000E-02 2.66910000E-04 4.84934500E-01
 5.60000000E-02 2.06430000E-04 4.84983000E-01
 4.40000000E-02 1.57920000E-04 4.85022000E-01
 3.10000000E-02 1.20540000E-04 4.85052000E-01
 1.90000000E-02 9.42900000E-05 4.85073500E-01
 6.00000000E-03 8.00100000E-05 4.85085000E-01
