 1.50000000E+00 2.10000000E-01 2.10000000E-01 2.10000000E-01
 1.44000000E+00 1.58367510E-01 1.86607680E-01 2.02580910E-01
 1.38000000E+00 1.11521760E-01 1.63668960E-01 1.95176310E-01
 1.32000000E+00 7.29596700E-02 1.41611400E-01 1.87800900E-01
 1.26000000E+00 4.41592200E-02 1.20812790E-01 1.80468540E-01
 1.20000000E+00 2.46439200E-02 1.01581410E-01 1.73193510E-01
 1.14000000E+00 1.26460530E-02 8.41440600E-02 1.65989460E-01
 1.08000000E+00 5.95389900E-03 6.86401800E-02 1.58869830E-01
 1.02000000E+00 2.56727100E-03 5.51224800E-02 1.51847220E-01
 9.60000000E-01 1.01234700E-03 4.35655500E-02 1.44934020E-01
 9.00000000E-01 3.64633500E-04 3.38761500E-02 1.38141780E-01
 8.40000000E-01 1.19846160E-04 2.59104300E-02 1.31481420E-01
 7.80000000E-01 3.59150400E-05 1.94886300E-02 1.24963230E-01
 7.20000000E-01 9.80658000E-06 1.44119010E-02 1.18596660E-01
 6.60000000E-01 2.43833100E-06 1.04763960E-02 1.12390320E-01
 6.00000000E-01 5.51819100E-07 7.48473600E-03 1.06352190E-01
 5.40000000E-01 1.13616510E-07 5.25468300E-03 1.00489200E-01
 4.80000000E-01 2.12753100E-08 3.62457900E-03 9.48072300E-02
 4.20000000E-01 3.62212200E-09 2.45611800E-03 8.93117400E-02
 3.60000000E-01 5.60519400E-10 1.63483950E-03 8.40067200E-02
 3.00000000E-01 7.88230800E-11 1.06876350E-03 7.88959500E-02
 2.40000000E-01 1.00708020E-11 6.86162400E-04 7.39817400E-02
 1.80000000E-01 1.16881170E-12 4.32581100E-04 6.92657700E-02
 1.20000000E-01 1.23203850E-13 2.67775200E-04 6.47490900E-02
 6.00000000E-02 1.17934950E-14 1.62740970E-04 6.04317000E-02
 0.00000000E+00 1.02504570E-15 9.70998000E-05 5.63127600E-02
