 ******* Program HYDRUS
 ******* 
 Infiltration of water into soil profile                                 
 Date:  10. 7.    Time:   8:48:57
 Units: L = cm   , T = hours, M = mmol 

----------------------------------------------------------
 Time       [T]        0.0000
----------------------------------------------------------
 Sub-region num.                     1
----------------------------------------------------------
 Length   [L]        0.70000E+02  0.70000E+02
 W-volume [L]        0.70570E+01  0.70570E+01
 In-flow  [L/T]      0.00000E+00  0.00000E+00
 h Mean   [L]       -0.61500E+02 -0.61500E+02
 Top Flux [L/T]     -0.33269E-01
 Bot Flux [L/T]     -0.33269E-01
----------------------------------------------------------

----------------------------------------------------------
 Time       [T]        0.1000
----------------------------------------------------------
 Sub-region num.                     1
----------------------------------------------------------
 Length   [L]        0.70000E+02  0.70000E+02
 W-volume [L]        0.84244E+01  0.84244E+01
 In-flow  [L/T]      0.13675E+02  0.13675E+02
 h Mean   [L]       -0.55837E+02 -0.55837E+02
 Top Flux [L/T]     -0.13633E+02
 Bot Flux [L/T]     -0.33269E-01
 WatBalT  [L]        0.35763E-06
 WatBalR  [%]              0.000
----------------------------------------------------------

----------------------------------------------------------
 Time       [T]        0.2000
----------------------------------------------------------
 Sub-region num.                     1
----------------------------------------------------------
 Length   [L]        0.70000E+02  0.70000E+02
 W-volume [L]        0.97919E+01  0.97919E+01
 In-flow  [L/T]      0.13675E+02  0.13675E+02
 h Mean   [L]       -0.50798E+02 -0.50798E+02
 Top Flux [L/T]     -0.13685E+02
 Bot Flux [L/T]     -0.33269E-01
 WatBalT  [L]        0.14305E-05
 WatBalR  [%]              0.000
----------------------------------------------------------

----------------------------------------------------------
 Time       [T]        0.3000
----------------------------------------------------------
 Sub-region num.                     1
----------------------------------------------------------
 Length   [L]        0.70000E+02  0.70000E+02
 W-volume [L]        0.11159E+02  0.11159E+02
 In-flow  [L/T]      0.13675E+02  0.13675E+02
 h Mean   [L]       -0.45843E+02 -0.45843E+02
 Top Flux [L/T]     -0.13699E+02
 Bot Flux [L/T]     -0.33269E-01
 WatBalT  [L]        0.28610E-05
 WatBalR  [%]              0.000
----------------------------------------------------------

----------------------------------------------------------
 Time       [T]        0.4000
----------------------------------------------------------
 Sub-region num.                     1
----------------------------------------------------------
 Length   [L]        0.70000E+02  0.70000E+02
 W-volume [L]        0.12527E+02  0.12527E+02
 In-flow  [L/T]      0.13675E+02  0.13675E+02
 h Mean   [L]       -0.40933E+02 -0.40933E+02
 Top Flux [L/T]     -0.13704E+02
 Bot Flux [L/T]     -0.33269E-01
 WatBalT  [L]        0.47684E-06
 WatBalR  [%]              0.000
----------------------------------------------------------

----------------------------------------------------------
 Time       [T]        0.5000
----------------------------------------------------------
 Sub-region num.                     1
----------------------------------------------------------
 Length   [L]        0.70000E+02  0.70000E+02
 W-volume [L]        0.13894E+02  0.13894E+02
 In-flow  [L/T]      0.13675E+02  0.13675E+02
 h Mean   [L]       -0.36044E+02 -0.36044E+02
 Top Flux [L/T]     -0.13706E+02
 Bot Flux [L/T]     -0.33269E-01
 WatBalT  [L]        0.47684E-06
 WatBalR  [%]              0.000
----------------------------------------------------------

----------------------------------------------------------
 Time       [T]        0.6000
----------------------------------------------------------
 Sub-region num.                     1
----------------------------------------------------------
 Length   [L]        0.70000E+02  0.70000E+02
 W-volume [L]        0.15262E+02  0.15262E+02
 In-flow  [L/T]      0.13673E+02  0.13673E+02
 h Mean   [L]       -0.31173E+02 -0.31173E+02
 Top Flux [L/T]     -0.13707E+02
 Bot Flux [L/T]     -0.35410E-01
 WatBalT  [L]        0.38147E-05
 WatBalR  [%]              0.000
----------------------------------------------------------

----------------------------------------------------------
 Time       [T]        0.7000
----------------------------------------------------------
 Sub-region num.                     1
----------------------------------------------------------
 Length   [L]        0.70000E+02  0.70000E+02
 W-volume [L]        0.16302E+02  0.16302E+02
 In-flow  [L/T]      0.46009E+01  0.46009E+01
 h Mean   [L]       -0.27883E+02 -0.27883E+02
 Top Flux [L/T]     -0.13708E+02
 Bot Flux [L/T]     -0.91071E+01
 WatBalT  [L]        0.57220E-05
 WatBalR  [%]              0.000
----------------------------------------------------------

----------------------------------------------------------
 Time       [T]        0.8000
----------------------------------------------------------
 Sub-region num.                     1
----------------------------------------------------------
 Length   [L]        0.70000E+02  0.70000E+02
 W-volume [L]        0.16495E+02  0.16495E+02
 In-flow  [L/T]      0.81895E+00  0.81895E+00
 h Mean   [L]       -0.27405E+02 -0.27405E+02
 Top Flux [L/T]     -0.13708E+02
 Bot Flux [L/T]     -0.12889E+02
 WatBalT  [L]        0.66757E-05
 WatBalR  [%]              0.000
----------------------------------------------------------
 
 Calculation time [sec]  6.999999284744263E-002
